<?xml version="1.0" encoding="utf-8"?>
<CoverageSession xmlns:xsd="http://www.w3.org/2001/XMLSchema" xmlns:xsi="http://www.w3.org/2001/XMLSchema-instance" Version="0.0.0.0">
  <Summary numSequencePoints="10" visitedSequencePoints="10" numBranchPoints="0" visitedBranchPoints="0" sequenceCoverage="100.0" branchCoverage="0.0" maxCyclomaticComplexity="0" minCyclomaticComplexity="0" maxCrapScore="0" minCrapScore="0" visitedClasses="2" numClasses="3" visitedMethods="2" numMethods="2" />
  <Modules>
    <Module>
      <Summary numSequencePoints="5" visitedSequencePoints="5" numBranchPoints="0" visitedBranchPoints="0" sequenceCoverage="100.0" branchCoverage="0.0" maxCyclomaticComplexity="0" minCyclomaticComplexity="0" maxCrapScore="0" minCrapScore="0" visitedClasses="1" numClasses="1" visitedMethods="1" numMethods="1" />
      <ModuleTime>0001-01-01T00:00:00</ModuleTime>
      <ModuleName>Scripts</ModuleName>
      <Files>
        <File uid="1" fullPath="C:/Users/kevin/OneDrive/Desktop/UNO/UNO-Flip-3D/UNOFlip/Assets/Scripts/AiPlayer.cs" />
        <File uid="2" fullPath="C:/Users/kevin/OneDrive/Desktop/UNO/UNO-Flip-3D/UNOFlip/Assets/Scripts/Card.cs" />
        <File uid="3" fullPath="C:/Users/kevin/OneDrive/Desktop/UNO/UNO-Flip-3D/UNOFlip/Assets/Scripts/CardDisplay.cs" />
        <File uid="4" fullPath="C:/Users/kevin/OneDrive/Desktop/UNO/UNO-Flip-3D/UNOFlip/Assets/Scripts/CardInteraction.cs" />
        <File uid="5" fullPath="C:/Users/kevin/OneDrive/Desktop/UNO/UNO-Flip-3D/UNOFlip/Assets/Scripts/Deck.cs" />
        <File uid="6" fullPath="C:/Users/kevin/OneDrive/Desktop/UNO/UNO-Flip-3D/UNOFlip/Assets/Scripts/GameManager.cs" />
        <File uid="7" fullPath="C:/Users/kevin/OneDrive/Desktop/UNO/UNO-Flip-3D/UNOFlip/Assets/Scripts/Menu.cs" />
        <File uid="8" fullPath="C:/Users/kevin/OneDrive/Desktop/UNO/UNO-Flip-3D/UNOFlip/Assets/Scripts/Player.cs" />
        <File uid="9" fullPath="C:/Users/kevin/OneDrive/Desktop/UNO/UNO-Flip-3D/UNOFlip/Assets/Scripts/WildButton.cs" />
      </Files>
      <Classes>
        <Class>
          <Summary numSequencePoints="5" visitedSequencePoints="5" numBranchPoints="0" visitedBranchPoints="0" sequenceCoverage="100.0" branchCoverage="0.0" maxCyclomaticComplexity="0" minCyclomaticComplexity="0" maxCrapScore="0" minCrapScore="0" visitedClasses="1" numClasses="1" visitedMethods="1" numMethods="1" />
          <FullName>Card</FullName>
          <Methods>
            <Method visited="true" cyclomaticComplexity="0" nPathComplexity="0" sequenceCoverage="100.0" branchCoverage="0" crapScore="0" isConstructor="true" isStatic="false" isGetter="false" isSetter="false">
              <Summary numSequencePoints="5" visitedSequencePoints="5" numBranchPoints="0" visitedBranchPoints="0" sequenceCoverage="100.0" branchCoverage="0" maxCyclomaticComplexity="0" minCyclomaticComplexity="0" maxCrapScore="0" minCrapScore="0" visitedClasses="0" numClasses="0" visitedMethods="1" numMethods="1" />
              <MetadataToken>100663302</MetadataToken>
              <Name>Card::Card(CardColour, CardValue)</Name>
              <FileRef uid="2" />
              <SequencePoints>
                <SequencePoint vc="1" uspid="69113" ordinal="0" offset="0" sl="40" sc="5" el="40" ec="5" bec="0" bev="0" fileid="2">
                  <TrackedMethodRefs>
                    <TrackedMethodRef uid="0" vc="1" />
                  </TrackedMethodRefs>
                </SequencePoint>
                <SequencePoint vc="1" uspid="69114" ordinal="0" offset="7" sl="41" sc="5" el="41" ec="5" bec="0" bev="0" fileid="2">
                  <TrackedMethodRefs>
                    <TrackedMethodRef uid="0" vc="1" />
                  </TrackedMethodRefs>
                </SequencePoint>
                <SequencePoint vc="1" uspid="69115" ordinal="0" offset="8" sl="42" sc="9" el="42" ec="9" bec="0" bev="0" fileid="2">
                  <TrackedMethodRefs>
                    <TrackedMethodRef uid="0" vc="1" />
                  </TrackedMethodRefs>
                </SequencePoint>
                <SequencePoint vc="1" uspid="69116" ordinal="0" offset="15" sl="43" sc="9" el="43" ec="9" bec="0" bev="0" fileid="2">
                  <TrackedMethodRefs>
                    <TrackedMethodRef uid="0" vc="1" />
                  </TrackedMethodRefs>
                </SequencePoint>
                <SequencePoint vc="1" uspid="69117" ordinal="0" offset="22" sl="44" sc="5" el="44" ec="5" bec="0" bev="0" fileid="2">
                  <TrackedMethodRefs>
                    <TrackedMethodRef uid="0" vc="1" />
                  </TrackedMethodRefs>
                </SequencePoint>
              </SequencePoints>
              <BranchPoints />
            </Method>
          </Methods>
        </Class>
      </Classes>
      <TrackedMethods>
        <TrackedMethod uid="0" token="100663342" name="System.Void CardTests::Test_Card_PlusFourCard_Creation()" strategy="Test" />
      </TrackedMethods>
    </Module>
    <Module>
      <Summary numSequencePoints="5" visitedSequencePoints="5" numBranchPoints="0" visitedBranchPoints="0" sequenceCoverage="100.0" branchCoverage="0.0" maxCyclomaticComplexity="0" minCyclomaticComplexity="0" maxCrapScore="0" minCrapScore="0" visitedClasses="1" numClasses="2" visitedMethods="1" numMethods="1" />
      <ModuleTime>0001-01-01T00:00:00</ModuleTime>
      <ModuleName>Tests</ModuleName>
      <Files>
        <File uid="10" fullPath="C:/Users/kevin/OneDrive/Desktop/UNO/UNO-Flip-3D/UNOFlip/Assets/Tests/AiPlayerTests.cs" />
        <File uid="11" fullPath="C:/Users/kevin/OneDrive/Desktop/UNO/UNO-Flip-3D/UNOFlip/Assets/Tests/CardDisplayTests.cs" />
        <File uid="12" fullPath="C:/Users/kevin/OneDrive/Desktop/UNO/UNO-Flip-3D/UNOFlip/Assets/Tests/CardInteractionTests.cs" />
        <File uid="13" fullPath="C:/Users/kevin/OneDrive/Desktop/UNO/UNO-Flip-3D/UNOFlip/Assets/Tests/CardTests.cs" />
        <File uid="14" fullPath="C:/Users/kevin/OneDrive/Desktop/UNO/UNO-Flip-3D/UNOFlip/Assets/Tests/DeckTests.cs" />
        <File uid="15" fullPath="C:/Users/kevin/OneDrive/Desktop/UNO/UNO-Flip-3D/UNOFlip/Assets/Tests/GameManagerTests.cs" />
        <File uid="16" fullPath="C:/Users/kevin/OneDrive/Desktop/UNO/UNO-Flip-3D/UNOFlip/Assets/Tests/MenuTests.cs" />
        <File uid="17" fullPath="C:/Users/kevin/OneDrive/Desktop/UNO/UNO-Flip-3D/UNOFlip/Assets/Tests/PlayerTests.cs" />
      </Files>
      <Classes>
        <Class>
          <Summary numSequencePoints="5" visitedSequencePoints="5" numBranchPoints="0" visitedBranchPoints="0" sequenceCoverage="100.0" branchCoverage="0.0" maxCyclomaticComplexity="0" minCyclomaticComplexity="0" maxCrapScore="0" minCrapScore="0" visitedClasses="1" numClasses="1" visitedMethods="1" numMethods="1" />
          <FullName>CardTests</FullName>
          <Methods>
            <Method visited="true" cyclomaticComplexity="0" nPathComplexity="0" sequenceCoverage="100.0" branchCoverage="0" crapScore="0" isConstructor="false" isStatic="false" isGetter="false" isSetter="false">
              <Summary numSequencePoints="5" visitedSequencePoints="5" numBranchPoints="0" visitedBranchPoints="0" sequenceCoverage="100.0" branchCoverage="0" maxCyclomaticComplexity="0" minCyclomaticComplexity="0" maxCrapScore="0" minCrapScore="0" visitedClasses="0" numClasses="0" visitedMethods="1" numMethods="1" />
              <MetadataToken>100663342</MetadataToken>
              <Name>System.Void CardTests::Test_Card_PlusFourCard_Creation()</Name>
              <FileRef uid="13" />
              <SequencePoints>
                <SequencePoint vc="1" uspid="70474" ordinal="0" offset="0" sl="26" sc="5" el="26" ec="5" bec="0" bev="0" fileid="13">
                  <TrackedMethodRefs>
                    <TrackedMethodRef uid="1" vc="1" />
                  </TrackedMethodRefs>
                </SequencePoint>
                <SequencePoint vc="1" uspid="70475" ordinal="0" offset="1" sl="27" sc="9" el="27" ec="9" bec="0" bev="0" fileid="13">
                  <TrackedMethodRefs>
                    <TrackedMethodRef uid="1" vc="1" />
                  </TrackedMethodRefs>
                </SequencePoint>
                <SequencePoint vc="1" uspid="70476" ordinal="0" offset="10" sl="29" sc="9" el="29" ec="9" bec="0" bev="0" fileid="13">
                  <TrackedMethodRefs>
                    <TrackedMethodRef uid="1" vc="1" />
                  </TrackedMethodRefs>
                </SequencePoint>
                <SequencePoint vc="1" uspid="70477" ordinal="0" offset="33" sl="30" sc="9" el="30" ec="9" bec="0" bev="0" fileid="13">
                  <TrackedMethodRefs>
                    <TrackedMethodRef uid="1" vc="1" />
                  </TrackedMethodRefs>
                </SequencePoint>
                <SequencePoint vc="1" uspid="70478" ordinal="0" offset="57" sl="31" sc="5" el="31" ec="5" bec="0" bev="0" fileid="13">
                  <TrackedMethodRefs>
                    <TrackedMethodRef uid="1" vc="1" />
                  </TrackedMethodRefs>
                </SequencePoint>
              </SequencePoints>
              <BranchPoints />
            </Method>
          </Methods>
        </Class>
        <Class>
          <Summary numSequencePoints="0" visitedSequencePoints="0" numBranchPoints="0" visitedBranchPoints="0" sequenceCoverage="0" branchCoverage="0" maxCyclomaticComplexity="0" minCyclomaticComplexity="0" maxCrapScore="0" minCrapScore="0" visitedClasses="0" numClasses="1" visitedMethods="0" numMethods="0" />
          <FullName>GameManagerTests</FullName>
          <Methods />
        </Class>
      </Classes>
      <TrackedMethods>
        <TrackedMethod uid="1" token="100663342" name="System.Void CardTests::Test_Card_PlusFourCard_Creation()" strategy="Test" />
      </TrackedMethods>
    </Module>
  </Modules>
</CoverageSession>