<?xml version="1.0" encoding="utf-8"?>
<CoverageSession xmlns:xsd="http://www.w3.org/2001/XMLSchema" xmlns:xsi="http://www.w3.org/2001/XMLSchema-instance" Version="0.0.0.0">
  <Summary numSequencePoints="2155" visitedSequencePoints="0" numBranchPoints="0" visitedBranchPoints="0" sequenceCoverage="0.0" branchCoverage="0.0" maxCyclomaticComplexity="0" minCyclomaticComplexity="0" maxCrapScore="0" minCrapScore="0" visitedClasses="0" numClasses="27" visitedMethods="0" numMethods="178" />
  <Modules>
    <Module>
      <Summary numSequencePoints="789" visitedSequencePoints="0" numBranchPoints="0" visitedBranchPoints="0" sequenceCoverage="0.0" branchCoverage="0.0" maxCyclomaticComplexity="0" minCyclomaticComplexity="0" maxCrapScore="0" minCrapScore="0" visitedClasses="0" numClasses="14" visitedMethods="0" numMethods="74" />
      <ModuleTime>0001-01-01T00:00:00</ModuleTime>
      <ModuleName>Scripts</ModuleName>
      <Files>
        <File uid="1" fullPath="C:/Users/kevin/OneDrive/Desktop/UNO/UNO-Flip-3D/UNOFlip/Assets/Scripts/AiPlayer.cs" />
        <File uid="2" fullPath="C:/Users/kevin/OneDrive/Desktop/UNO/UNO-Flip-3D/UNOFlip/Assets/Scripts/Card.cs" />
        <File uid="3" fullPath="C:/Users/kevin/OneDrive/Desktop/UNO/UNO-Flip-3D/UNOFlip/Assets/Scripts/CardDisplay.cs" />
        <File uid="4" fullPath="C:/Users/kevin/OneDrive/Desktop/UNO/UNO-Flip-3D/UNOFlip/Assets/Scripts/CardInteraction.cs" />
        <File uid="5" fullPath="C:/Users/kevin/OneDrive/Desktop/UNO/UNO-Flip-3D/UNOFlip/Assets/Scripts/Deck.cs" />
        <File uid="6" fullPath="C:/Users/kevin/OneDrive/Desktop/UNO/UNO-Flip-3D/UNOFlip/Assets/Scripts/GameManager.cs" />
        <File uid="7" fullPath="C:/Users/kevin/OneDrive/Desktop/UNO/UNO-Flip-3D/UNOFlip/Assets/Scripts/Menu.cs" />
        <File uid="8" fullPath="C:/Users/kevin/OneDrive/Desktop/UNO/UNO-Flip-3D/UNOFlip/Assets/Scripts/Player.cs" />
        <File uid="9" fullPath="C:/Users/kevin/OneDrive/Desktop/UNO/UNO-Flip-3D/UNOFlip/Assets/Scripts/WildButton.cs" />
      </Files>
      <Classes>
        <Class>
          <Summary numSequencePoints="152" visitedSequencePoints="0" numBranchPoints="0" visitedBranchPoints="0" sequenceCoverage="0.0" branchCoverage="0.0" maxCyclomaticComplexity="0" minCyclomaticComplexity="0" maxCrapScore="0" minCrapScore="0" visitedClasses="0" numClasses="1" visitedMethods="0" numMethods="5" />
          <FullName>AiPlayer</FullName>
          <Methods>
            <Method visited="false" cyclomaticComplexity="0" nPathComplexity="0" sequenceCoverage="0.0" branchCoverage="0" crapScore="0" isConstructor="false" isStatic="false" isGetter="false" isSetter="false">
              <Summary numSequencePoints="40" visitedSequencePoints="0" numBranchPoints="0" visitedBranchPoints="0" sequenceCoverage="0.0" branchCoverage="0" maxCyclomaticComplexity="0" minCyclomaticComplexity="0" maxCrapScore="0" minCrapScore="0" visitedClasses="0" numClasses="0" visitedMethods="0" numMethods="1" />
              <MetadataToken>100663298</MetadataToken>
              <Name>System.Void AiPlayer::TakeTurn(Card, CardColour)</Name>
              <FileRef uid="1" />
              <SequencePoints>
                <SequencePoint vc="0" uspid="4311" ordinal="0" offset="0" sl="15" sc="0" el="15" ec="0" bec="0" bev="0" fileid="1" />
                <SequencePoint vc="0" uspid="4312" ordinal="0" offset="1" sl="16" sc="0" el="16" ec="0" bec="0" bev="0" fileid="1" />
                <SequencePoint vc="0" uspid="4313" ordinal="0" offset="3" sl="17" sc="0" el="17" ec="0" bec="0" bev="0" fileid="1" />
                <SequencePoint vc="0" uspid="4314" ordinal="0" offset="25" sl="19" sc="0" el="19" ec="0" bec="0" bev="0" fileid="1" />
                <SequencePoint vc="0" uspid="4315" ordinal="0" offset="34" sl="21" sc="0" el="21" ec="0" bec="0" bev="0" fileid="1" />
                <SequencePoint vc="0" uspid="4316" ordinal="0" offset="47" sl="22" sc="0" el="22" ec="0" bec="0" bev="0" fileid="1" />
                <SequencePoint vc="0" uspid="4317" ordinal="0" offset="48" sl="23" sc="0" el="23" ec="0" bec="0" bev="0" fileid="1" />
                <SequencePoint vc="0" uspid="4318" ordinal="0" offset="56" sl="24" sc="0" el="24" ec="0" bec="0" bev="0" fileid="1" />
                <SequencePoint vc="0" uspid="4319" ordinal="0" offset="59" sl="26" sc="0" el="26" ec="0" bec="0" bev="0" fileid="1" />
                <SequencePoint vc="0" uspid="4320" ordinal="0" offset="60" sl="27" sc="0" el="27" ec="0" bec="0" bev="0" fileid="1" />
                <SequencePoint vc="0" uspid="4321" ordinal="0" offset="71" sl="28" sc="0" el="28" ec="0" bec="0" bev="0" fileid="1" />
                <SequencePoint vc="0" uspid="4322" ordinal="0" offset="80" sl="29" sc="0" el="29" ec="0" bec="0" bev="0" fileid="1" />
                <SequencePoint vc="0" uspid="4323" ordinal="0" offset="93" sl="30" sc="0" el="30" ec="0" bec="0" bev="0" fileid="1" />
                <SequencePoint vc="0" uspid="4324" ordinal="0" offset="94" sl="31" sc="0" el="31" ec="0" bec="0" bev="0" fileid="1" />
                <SequencePoint vc="0" uspid="4325" ordinal="0" offset="102" sl="32" sc="0" el="32" ec="0" bec="0" bev="0" fileid="1" />
                <SequencePoint vc="0" uspid="4326" ordinal="0" offset="103" sl="33" sc="0" el="33" ec="0" bec="0" bev="0" fileid="1" />
                <SequencePoint vc="0" uspid="4327" ordinal="0" offset="104" sl="35" sc="0" el="35" ec="0" bec="0" bev="0" fileid="1" />
                <SequencePoint vc="0" uspid="4328" ordinal="0" offset="114" sl="36" sc="0" el="36" ec="0" bec="0" bev="0" fileid="1" />
                <SequencePoint vc="0" uspid="4329" ordinal="0" offset="115" sl="37" sc="0" el="37" ec="0" bec="0" bev="0" fileid="1" />
                <SequencePoint vc="0" uspid="4330" ordinal="0" offset="137" sl="38" sc="0" el="38" ec="0" bec="0" bev="0" fileid="1" />
                <SequencePoint vc="0" uspid="4331" ordinal="0" offset="164" sl="39" sc="0" el="39" ec="0" bec="0" bev="0" fileid="1" />
                <SequencePoint vc="0" uspid="4332" ordinal="0" offset="175" sl="40" sc="0" el="40" ec="0" bec="0" bev="0" fileid="1" />
                <SequencePoint vc="0" uspid="4333" ordinal="0" offset="186" sl="41" sc="0" el="41" ec="0" bec="0" bev="0" fileid="1" />
                <SequencePoint vc="0" uspid="4334" ordinal="0" offset="192" sl="43" sc="0" el="43" ec="0" bec="0" bev="0" fileid="1" />
                <SequencePoint vc="0" uspid="4335" ordinal="0" offset="193" sl="44" sc="0" el="44" ec="0" bec="0" bev="0" fileid="1" />
                <SequencePoint vc="0" uspid="4336" ordinal="0" offset="213" sl="45" sc="0" el="45" ec="0" bec="0" bev="0" fileid="1" />
                <SequencePoint vc="0" uspid="4337" ordinal="0" offset="214" sl="46" sc="0" el="46" ec="0" bec="0" bev="0" fileid="1" />
                <SequencePoint vc="0" uspid="4338" ordinal="0" offset="225" sl="47" sc="0" el="47" ec="0" bec="0" bev="0" fileid="1" />
                <SequencePoint vc="0" uspid="4339" ordinal="0" offset="247" sl="48" sc="0" el="48" ec="0" bec="0" bev="0" fileid="1" />
                <SequencePoint vc="0" uspid="4340" ordinal="0" offset="248" sl="49" sc="0" el="49" ec="0" bec="0" bev="0" fileid="1" />
                <SequencePoint vc="0" uspid="4341" ordinal="0" offset="261" sl="50" sc="0" el="50" ec="0" bec="0" bev="0" fileid="1" />
                <SequencePoint vc="0" uspid="4342" ordinal="0" offset="276" sl="51" sc="0" el="51" ec="0" bec="0" bev="0" fileid="1" />
                <SequencePoint vc="0" uspid="4343" ordinal="0" offset="277" sl="52" sc="0" el="52" ec="0" bec="0" bev="0" fileid="1" />
                <SequencePoint vc="0" uspid="4344" ordinal="0" offset="294" sl="53" sc="0" el="53" ec="0" bec="0" bev="0" fileid="1" />
                <SequencePoint vc="0" uspid="4345" ordinal="0" offset="295" sl="54" sc="0" el="54" ec="0" bec="0" bev="0" fileid="1" />
                <SequencePoint vc="0" uspid="4346" ordinal="0" offset="351" sl="55" sc="0" el="55" ec="0" bec="0" bev="0" fileid="1" />
                <SequencePoint vc="0" uspid="4347" ordinal="0" offset="367" sl="56" sc="0" el="56" ec="0" bec="0" bev="0" fileid="1" />
                <SequencePoint vc="0" uspid="4348" ordinal="0" offset="368" sl="57" sc="0" el="57" ec="0" bec="0" bev="0" fileid="1" />
                <SequencePoint vc="0" uspid="4349" ordinal="0" offset="370" sl="59" sc="0" el="59" ec="0" bec="0" bev="0" fileid="1" />
                <SequencePoint vc="0" uspid="4350" ordinal="0" offset="371" sl="60" sc="0" el="60" ec="0" bec="0" bev="0" fileid="1" />
              </SequencePoints>
              <BranchPoints />
            </Method>
            <Method visited="false" cyclomaticComplexity="0" nPathComplexity="0" sequenceCoverage="0.0" branchCoverage="0" crapScore="0" isConstructor="false" isStatic="false" isGetter="false" isSetter="false">
              <Summary numSequencePoints="14" visitedSequencePoints="0" numBranchPoints="0" visitedBranchPoints="0" sequenceCoverage="0.0" branchCoverage="0" maxCyclomaticComplexity="0" minCyclomaticComplexity="0" maxCrapScore="0" minCrapScore="0" visitedClasses="0" numClasses="0" visitedMethods="0" numMethods="1" />
              <MetadataToken>100663299</MetadataToken>
              <Name>System.Collections.Generic.List[Card] AiPlayer::GetPlayableCards(Card, CardColour)</Name>
              <FileRef uid="1" />
              <SequencePoints>
                <SequencePoint vc="0" uspid="4351" ordinal="0" offset="0" sl="63" sc="0" el="63" ec="0" bec="0" bev="0" fileid="1" />
                <SequencePoint vc="0" uspid="4352" ordinal="0" offset="1" sl="64" sc="0" el="64" ec="0" bec="0" bev="0" fileid="1" />
                <SequencePoint vc="0" uspid="4353" ordinal="0" offset="7" sl="66" sc="0" el="66" ec="0" bec="0" bev="0" fileid="1" />
                <SequencePoint vc="0" uspid="4354" ordinal="0" offset="8" sl="66" sc="0" el="66" ec="0" bec="0" bev="0" fileid="1" />
                <SequencePoint vc="0" uspid="4355" ordinal="0" offset="22" sl="66" sc="0" el="66" ec="0" bec="0" bev="0" fileid="1" />
                <SequencePoint vc="0" uspid="4356" ordinal="0" offset="30" sl="67" sc="0" el="67" ec="0" bec="0" bev="0" fileid="1" />
                <SequencePoint vc="0" uspid="4357" ordinal="0" offset="31" sl="68" sc="0" el="68" ec="0" bec="0" bev="0" fileid="1" />
                <SequencePoint vc="0" uspid="4358" ordinal="0" offset="70" sl="69" sc="0" el="69" ec="0" bec="0" bev="0" fileid="1" />
                <SequencePoint vc="0" uspid="4359" ordinal="0" offset="71" sl="70" sc="0" el="70" ec="0" bec="0" bev="0" fileid="1" />
                <SequencePoint vc="0" uspid="4360" ordinal="0" offset="79" sl="71" sc="0" el="71" ec="0" bec="0" bev="0" fileid="1" />
                <SequencePoint vc="0" uspid="4361" ordinal="0" offset="80" sl="72" sc="0" el="72" ec="0" bec="0" bev="0" fileid="1" />
                <SequencePoint vc="0" uspid="4362" ordinal="0" offset="81" sl="66" sc="0" el="66" ec="0" bec="0" bev="0" fileid="1" />
                <SequencePoint vc="0" uspid="4363" ordinal="0" offset="107" sl="74" sc="0" el="74" ec="0" bec="0" bev="0" fileid="1" />
                <SequencePoint vc="0" uspid="4364" ordinal="0" offset="112" sl="75" sc="0" el="75" ec="0" bec="0" bev="0" fileid="1" />
              </SequencePoints>
              <BranchPoints />
            </Method>
            <Method visited="false" cyclomaticComplexity="0" nPathComplexity="0" sequenceCoverage="0.0" branchCoverage="0" crapScore="0" isConstructor="false" isStatic="false" isGetter="false" isSetter="false">
              <Summary numSequencePoints="68" visitedSequencePoints="0" numBranchPoints="0" visitedBranchPoints="0" sequenceCoverage="0.0" branchCoverage="0" maxCyclomaticComplexity="0" minCyclomaticComplexity="0" maxCrapScore="0" minCrapScore="0" visitedClasses="0" numClasses="0" visitedMethods="0" numMethods="1" />
              <MetadataToken>100663300</MetadataToken>
              <Name>Card AiPlayer::ChooseBestCard(System.Collections.Generic.List[Card])</Name>
              <FileRef uid="1" />
              <SequencePoints>
                <SequencePoint vc="0" uspid="4365" ordinal="0" offset="0" sl="78" sc="0" el="78" ec="0" bec="0" bev="0" fileid="1" />
                <SequencePoint vc="0" uspid="4366" ordinal="0" offset="1" sl="79" sc="0" el="79" ec="0" bec="0" bev="0" fileid="1" />
                <SequencePoint vc="0" uspid="4367" ordinal="0" offset="3" sl="80" sc="0" el="80" ec="0" bec="0" bev="0" fileid="1" />
                <SequencePoint vc="0" uspid="4368" ordinal="0" offset="5" sl="81" sc="0" el="81" ec="0" bec="0" bev="0" fileid="1" />
                <SequencePoint vc="0" uspid="4369" ordinal="0" offset="7" sl="82" sc="0" el="82" ec="0" bec="0" bev="0" fileid="1" />
                <SequencePoint vc="0" uspid="4370" ordinal="0" offset="18" sl="85" sc="0" el="85" ec="0" bec="0" bev="0" fileid="1" />
                <SequencePoint vc="0" uspid="4371" ordinal="0" offset="19" sl="85" sc="0" el="85" ec="0" bec="0" bev="0" fileid="1" />
                <SequencePoint vc="0" uspid="4372" ordinal="0" offset="32" sl="85" sc="0" el="85" ec="0" bec="0" bev="0" fileid="1" />
                <SequencePoint vc="0" uspid="4373" ordinal="0" offset="41" sl="86" sc="0" el="86" ec="0" bec="0" bev="0" fileid="1" />
                <SequencePoint vc="0" uspid="4374" ordinal="0" offset="42" sl="87" sc="0" el="87" ec="0" bec="0" bev="0" fileid="1" />
                <SequencePoint vc="0" uspid="4375" ordinal="0" offset="59" sl="88" sc="0" el="88" ec="0" bec="0" bev="0" fileid="1" />
                <SequencePoint vc="0" uspid="4376" ordinal="0" offset="60" sl="89" sc="0" el="89" ec="0" bec="0" bev="0" fileid="1" />
                <SequencePoint vc="0" uspid="4377" ordinal="0" offset="77" sl="90" sc="0" el="90" ec="0" bec="0" bev="0" fileid="1" />
                <SequencePoint vc="0" uspid="4378" ordinal="0" offset="78" sl="91" sc="0" el="91" ec="0" bec="0" bev="0" fileid="1" />
                <SequencePoint vc="0" uspid="4379" ordinal="0" offset="81" sl="92" sc="0" el="92" ec="0" bec="0" bev="0" fileid="1" />
                <SequencePoint vc="0" uspid="4380" ordinal="0" offset="82" sl="93" sc="0" el="93" ec="0" bec="0" bev="0" fileid="1" />
                <SequencePoint vc="0" uspid="4381" ordinal="0" offset="88" sl="94" sc="0" el="94" ec="0" bec="0" bev="0" fileid="1" />
                <SequencePoint vc="0" uspid="4382" ordinal="0" offset="105" sl="95" sc="0" el="95" ec="0" bec="0" bev="0" fileid="1" />
                <SequencePoint vc="0" uspid="4383" ordinal="0" offset="106" sl="96" sc="0" el="96" ec="0" bec="0" bev="0" fileid="1" />
                <SequencePoint vc="0" uspid="4384" ordinal="0" offset="123" sl="97" sc="0" el="97" ec="0" bec="0" bev="0" fileid="1" />
                <SequencePoint vc="0" uspid="4385" ordinal="0" offset="124" sl="98" sc="0" el="98" ec="0" bec="0" bev="0" fileid="1" />
                <SequencePoint vc="0" uspid="4386" ordinal="0" offset="127" sl="99" sc="0" el="99" ec="0" bec="0" bev="0" fileid="1" />
                <SequencePoint vc="0" uspid="4387" ordinal="0" offset="128" sl="100" sc="0" el="100" ec="0" bec="0" bev="0" fileid="1" />
                <SequencePoint vc="0" uspid="4388" ordinal="0" offset="131" sl="101" sc="0" el="101" ec="0" bec="0" bev="0" fileid="1" />
                <SequencePoint vc="0" uspid="4389" ordinal="0" offset="148" sl="102" sc="0" el="102" ec="0" bec="0" bev="0" fileid="1" />
                <SequencePoint vc="0" uspid="4390" ordinal="0" offset="149" sl="103" sc="0" el="103" ec="0" bec="0" bev="0" fileid="1" />
                <SequencePoint vc="0" uspid="4391" ordinal="0" offset="166" sl="104" sc="0" el="104" ec="0" bec="0" bev="0" fileid="1" />
                <SequencePoint vc="0" uspid="4392" ordinal="0" offset="167" sl="105" sc="0" el="105" ec="0" bec="0" bev="0" fileid="1" />
                <SequencePoint vc="0" uspid="4393" ordinal="0" offset="170" sl="106" sc="0" el="106" ec="0" bec="0" bev="0" fileid="1" />
                <SequencePoint vc="0" uspid="4394" ordinal="0" offset="171" sl="107" sc="0" el="107" ec="0" bec="0" bev="0" fileid="1" />
                <SequencePoint vc="0" uspid="4395" ordinal="0" offset="174" sl="108" sc="0" el="108" ec="0" bec="0" bev="0" fileid="1" />
                <SequencePoint vc="0" uspid="4396" ordinal="0" offset="191" sl="109" sc="0" el="109" ec="0" bec="0" bev="0" fileid="1" />
                <SequencePoint vc="0" uspid="4397" ordinal="0" offset="192" sl="110" sc="0" el="110" ec="0" bec="0" bev="0" fileid="1" />
                <SequencePoint vc="0" uspid="4398" ordinal="0" offset="209" sl="111" sc="0" el="111" ec="0" bec="0" bev="0" fileid="1" />
                <SequencePoint vc="0" uspid="4399" ordinal="0" offset="210" sl="112" sc="0" el="112" ec="0" bec="0" bev="0" fileid="1" />
                <SequencePoint vc="0" uspid="4400" ordinal="0" offset="213" sl="113" sc="0" el="113" ec="0" bec="0" bev="0" fileid="1" />
                <SequencePoint vc="0" uspid="4401" ordinal="0" offset="214" sl="114" sc="0" el="114" ec="0" bec="0" bev="0" fileid="1" />
                <SequencePoint vc="0" uspid="4402" ordinal="0" offset="217" sl="115" sc="0" el="115" ec="0" bec="0" bev="0" fileid="1" />
                <SequencePoint vc="0" uspid="4403" ordinal="0" offset="234" sl="116" sc="0" el="116" ec="0" bec="0" bev="0" fileid="1" />
                <SequencePoint vc="0" uspid="4404" ordinal="0" offset="235" sl="117" sc="0" el="117" ec="0" bec="0" bev="0" fileid="1" />
                <SequencePoint vc="0" uspid="4405" ordinal="0" offset="252" sl="118" sc="0" el="118" ec="0" bec="0" bev="0" fileid="1" />
                <SequencePoint vc="0" uspid="4406" ordinal="0" offset="253" sl="119" sc="0" el="119" ec="0" bec="0" bev="0" fileid="1" />
                <SequencePoint vc="0" uspid="4407" ordinal="0" offset="256" sl="120" sc="0" el="120" ec="0" bec="0" bev="0" fileid="1" />
                <SequencePoint vc="0" uspid="4408" ordinal="0" offset="257" sl="121" sc="0" el="121" ec="0" bec="0" bev="0" fileid="1" />
                <SequencePoint vc="0" uspid="4409" ordinal="0" offset="258" sl="122" sc="0" el="122" ec="0" bec="0" bev="0" fileid="1" />
                <SequencePoint vc="0" uspid="4410" ordinal="0" offset="259" sl="85" sc="0" el="85" ec="0" bec="0" bev="0" fileid="1" />
                <SequencePoint vc="0" uspid="4411" ordinal="0" offset="288" sl="125" sc="0" el="125" ec="0" bec="0" bev="0" fileid="1" />
                <SequencePoint vc="0" uspid="4412" ordinal="0" offset="289" sl="125" sc="0" el="125" ec="0" bec="0" bev="0" fileid="1" />
                <SequencePoint vc="0" uspid="4413" ordinal="0" offset="299" sl="125" sc="0" el="125" ec="0" bec="0" bev="0" fileid="1" />
                <SequencePoint vc="0" uspid="4414" ordinal="0" offset="308" sl="126" sc="0" el="126" ec="0" bec="0" bev="0" fileid="1" />
                <SequencePoint vc="0" uspid="4415" ordinal="0" offset="309" sl="127" sc="0" el="127" ec="0" bec="0" bev="0" fileid="1" />
                <SequencePoint vc="0" uspid="4416" ordinal="0" offset="336" sl="128" sc="0" el="128" ec="0" bec="0" bev="0" fileid="1" />
                <SequencePoint vc="0" uspid="4417" ordinal="0" offset="337" sl="129" sc="0" el="129" ec="0" bec="0" bev="0" fileid="1" />
                <SequencePoint vc="0" uspid="4418" ordinal="0" offset="340" sl="130" sc="0" el="130" ec="0" bec="0" bev="0" fileid="1" />
                <SequencePoint vc="0" uspid="4419" ordinal="0" offset="341" sl="131" sc="0" el="131" ec="0" bec="0" bev="0" fileid="1" />
                <SequencePoint vc="0" uspid="4420" ordinal="0" offset="342" sl="125" sc="0" el="125" ec="0" bec="0" bev="0" fileid="1" />
                <SequencePoint vc="0" uspid="4421" ordinal="0" offset="368" sl="133" sc="0" el="133" ec="0" bec="0" bev="0" fileid="1" />
                <SequencePoint vc="0" uspid="4422" ordinal="0" offset="384" sl="134" sc="0" el="134" ec="0" bec="0" bev="0" fileid="1" />
                <SequencePoint vc="0" uspid="4423" ordinal="0" offset="385" sl="135" sc="0" el="135" ec="0" bec="0" bev="0" fileid="1" />
                <SequencePoint vc="0" uspid="4424" ordinal="0" offset="387" sl="136" sc="0" el="136" ec="0" bec="0" bev="0" fileid="1" />
                <SequencePoint vc="0" uspid="4425" ordinal="0" offset="388" sl="138" sc="0" el="138" ec="0" bec="0" bev="0" fileid="1" />
                <SequencePoint vc="0" uspid="4426" ordinal="0" offset="398" sl="139" sc="0" el="139" ec="0" bec="0" bev="0" fileid="1" />
                <SequencePoint vc="0" uspid="4427" ordinal="0" offset="399" sl="140" sc="0" el="140" ec="0" bec="0" bev="0" fileid="1" />
                <SequencePoint vc="0" uspid="4428" ordinal="0" offset="404" sl="143" sc="0" el="143" ec="0" bec="0" bev="0" fileid="1" />
                <SequencePoint vc="0" uspid="4429" ordinal="0" offset="414" sl="144" sc="0" el="144" ec="0" bec="0" bev="0" fileid="1" />
                <SequencePoint vc="0" uspid="4430" ordinal="0" offset="415" sl="145" sc="0" el="145" ec="0" bec="0" bev="0" fileid="1" />
                <SequencePoint vc="0" uspid="4431" ordinal="0" offset="420" sl="148" sc="0" el="148" ec="0" bec="0" bev="0" fileid="1" />
                <SequencePoint vc="0" uspid="4432" ordinal="0" offset="431" sl="149" sc="0" el="149" ec="0" bec="0" bev="0" fileid="1" />
              </SequencePoints>
              <BranchPoints />
            </Method>
            <Method visited="false" cyclomaticComplexity="0" nPathComplexity="0" sequenceCoverage="0.0" branchCoverage="0" crapScore="0" isConstructor="false" isStatic="false" isGetter="false" isSetter="false">
              <Summary numSequencePoints="27" visitedSequencePoints="0" numBranchPoints="0" visitedBranchPoints="0" sequenceCoverage="0.0" branchCoverage="0" maxCyclomaticComplexity="0" minCyclomaticComplexity="0" maxCrapScore="0" minCrapScore="0" visitedClasses="0" numClasses="0" visitedMethods="0" numMethods="1" />
              <MetadataToken>100663301</MetadataToken>
              <Name>CardColour AiPlayer::SelectBestColor()</Name>
              <FileRef uid="1" />
              <SequencePoints>
                <SequencePoint vc="0" uspid="4433" ordinal="0" offset="0" sl="152" sc="0" el="152" ec="0" bec="0" bev="0" fileid="1" />
                <SequencePoint vc="0" uspid="4434" ordinal="0" offset="1" sl="153" sc="0" el="153" ec="0" bec="0" bev="0" fileid="1" />
                <SequencePoint vc="0" uspid="4435" ordinal="0" offset="43" sl="161" sc="0" el="161" ec="0" bec="0" bev="0" fileid="1" />
                <SequencePoint vc="0" uspid="4436" ordinal="0" offset="44" sl="161" sc="0" el="161" ec="0" bec="0" bev="0" fileid="1" />
                <SequencePoint vc="0" uspid="4437" ordinal="0" offset="58" sl="161" sc="0" el="161" ec="0" bec="0" bev="0" fileid="1" />
                <SequencePoint vc="0" uspid="4438" ordinal="0" offset="67" sl="162" sc="0" el="162" ec="0" bec="0" bev="0" fileid="1" />
                <SequencePoint vc="0" uspid="4439" ordinal="0" offset="68" sl="163" sc="0" el="163" ec="0" bec="0" bev="0" fileid="1" />
                <SequencePoint vc="0" uspid="4440" ordinal="0" offset="87" sl="164" sc="0" el="164" ec="0" bec="0" bev="0" fileid="1" />
                <SequencePoint vc="0" uspid="4441" ordinal="0" offset="88" sl="165" sc="0" el="165" ec="0" bec="0" bev="0" fileid="1" />
                <SequencePoint vc="0" uspid="4442" ordinal="0" offset="120" sl="166" sc="0" el="166" ec="0" bec="0" bev="0" fileid="1" />
                <SequencePoint vc="0" uspid="4443" ordinal="0" offset="121" sl="167" sc="0" el="167" ec="0" bec="0" bev="0" fileid="1" />
                <SequencePoint vc="0" uspid="4444" ordinal="0" offset="122" sl="161" sc="0" el="161" ec="0" bec="0" bev="0" fileid="1" />
                <SequencePoint vc="0" uspid="4445" ordinal="0" offset="148" sl="169" sc="0" el="169" ec="0" bec="0" bev="0" fileid="1" />
                <SequencePoint vc="0" uspid="4446" ordinal="0" offset="150" sl="170" sc="0" el="170" ec="0" bec="0" bev="0" fileid="1" />
                <SequencePoint vc="0" uspid="4447" ordinal="0" offset="152" sl="171" sc="0" el="171" ec="0" bec="0" bev="0" fileid="1" />
                <SequencePoint vc="0" uspid="4448" ordinal="0" offset="153" sl="171" sc="0" el="171" ec="0" bec="0" bev="0" fileid="1" />
                <SequencePoint vc="0" uspid="4449" ordinal="0" offset="163" sl="171" sc="0" el="171" ec="0" bec="0" bev="0" fileid="1" />
                <SequencePoint vc="0" uspid="4450" ordinal="0" offset="172" sl="172" sc="0" el="172" ec="0" bec="0" bev="0" fileid="1" />
                <SequencePoint vc="0" uspid="4451" ordinal="0" offset="173" sl="173" sc="0" el="173" ec="0" bec="0" bev="0" fileid="1" />
                <SequencePoint vc="0" uspid="4452" ordinal="0" offset="189" sl="174" sc="0" el="174" ec="0" bec="0" bev="0" fileid="1" />
                <SequencePoint vc="0" uspid="4453" ordinal="0" offset="190" sl="175" sc="0" el="175" ec="0" bec="0" bev="0" fileid="1" />
                <SequencePoint vc="0" uspid="4454" ordinal="0" offset="198" sl="176" sc="0" el="176" ec="0" bec="0" bev="0" fileid="1" />
                <SequencePoint vc="0" uspid="4455" ordinal="0" offset="206" sl="177" sc="0" el="177" ec="0" bec="0" bev="0" fileid="1" />
                <SequencePoint vc="0" uspid="4456" ordinal="0" offset="207" sl="178" sc="0" el="178" ec="0" bec="0" bev="0" fileid="1" />
                <SequencePoint vc="0" uspid="4457" ordinal="0" offset="208" sl="171" sc="0" el="171" ec="0" bec="0" bev="0" fileid="1" />
                <SequencePoint vc="0" uspid="4458" ordinal="0" offset="234" sl="180" sc="0" el="180" ec="0" bec="0" bev="0" fileid="1" />
                <SequencePoint vc="0" uspid="4459" ordinal="0" offset="239" sl="181" sc="0" el="181" ec="0" bec="0" bev="0" fileid="1" />
              </SequencePoints>
              <BranchPoints />
            </Method>
            <Method visited="false" cyclomaticComplexity="0" nPathComplexity="0" sequenceCoverage="0.0" branchCoverage="0" crapScore="0" isConstructor="true" isStatic="false" isGetter="false" isSetter="false">
              <Summary numSequencePoints="3" visitedSequencePoints="0" numBranchPoints="0" visitedBranchPoints="0" sequenceCoverage="0.0" branchCoverage="0" maxCyclomaticComplexity="0" minCyclomaticComplexity="0" maxCrapScore="0" minCrapScore="0" visitedClasses="0" numClasses="0" visitedMethods="0" numMethods="1" />
              <MetadataToken>100663297</MetadataToken>
              <Name>AiPlayer::AiPlayer(System.String)</Name>
              <FileRef uid="1" />
              <SequencePoints>
                <SequencePoint vc="0" uspid="4460" ordinal="0" offset="0" sl="8" sc="0" el="8" ec="0" bec="0" bev="0" fileid="1" />
                <SequencePoint vc="0" uspid="4461" ordinal="0" offset="9" sl="9" sc="0" el="9" ec="0" bec="0" bev="0" fileid="1" />
                <SequencePoint vc="0" uspid="4462" ordinal="0" offset="10" sl="11" sc="0" el="11" ec="0" bec="0" bev="0" fileid="1" />
              </SequencePoints>
              <BranchPoints />
            </Method>
          </Methods>
        </Class>
        <Class>
          <Summary numSequencePoints="5" visitedSequencePoints="0" numBranchPoints="0" visitedBranchPoints="0" sequenceCoverage="0.0" branchCoverage="0.0" maxCyclomaticComplexity="0" minCyclomaticComplexity="0" maxCrapScore="0" minCrapScore="0" visitedClasses="0" numClasses="1" visitedMethods="0" numMethods="1" />
          <FullName>Card</FullName>
          <Methods>
            <Method visited="false" cyclomaticComplexity="0" nPathComplexity="0" sequenceCoverage="0.0" branchCoverage="0" crapScore="0" isConstructor="true" isStatic="false" isGetter="false" isSetter="false">
              <Summary numSequencePoints="5" visitedSequencePoints="0" numBranchPoints="0" visitedBranchPoints="0" sequenceCoverage="0.0" branchCoverage="0" maxCyclomaticComplexity="0" minCyclomaticComplexity="0" maxCrapScore="0" minCrapScore="0" visitedClasses="0" numClasses="0" visitedMethods="0" numMethods="1" />
              <MetadataToken>100663302</MetadataToken>
              <Name>Card::Card(CardColour, CardValue)</Name>
              <FileRef uid="2" />
              <SequencePoints>
                <SequencePoint vc="0" uspid="4463" ordinal="0" offset="0" sl="40" sc="5" el="40" ec="5" bec="0" bev="0" fileid="2" />
                <SequencePoint vc="0" uspid="4464" ordinal="0" offset="7" sl="41" sc="5" el="41" ec="5" bec="0" bev="0" fileid="2" />
                <SequencePoint vc="0" uspid="4465" ordinal="0" offset="8" sl="42" sc="9" el="42" ec="9" bec="0" bev="0" fileid="2" />
                <SequencePoint vc="0" uspid="4466" ordinal="0" offset="15" sl="43" sc="9" el="43" ec="9" bec="0" bev="0" fileid="2" />
                <SequencePoint vc="0" uspid="4467" ordinal="0" offset="22" sl="44" sc="5" el="44" ec="5" bec="0" bev="0" fileid="2" />
              </SequencePoints>
              <BranchPoints />
            </Method>
          </Methods>
        </Class>
        <Class>
          <Summary numSequencePoints="124" visitedSequencePoints="0" numBranchPoints="0" visitedBranchPoints="0" sequenceCoverage="0.0" branchCoverage="0.0" maxCyclomaticComplexity="0" minCyclomaticComplexity="0" maxCrapScore="0" minCrapScore="0" visitedClasses="0" numClasses="1" visitedMethods="0" numMethods="7" />
          <FullName>CardDisplay</FullName>
          <Methods>
            <Method visited="false" cyclomaticComplexity="0" nPathComplexity="0" sequenceCoverage="0.0" branchCoverage="0" crapScore="0" isConstructor="false" isStatic="false" isGetter="true" isSetter="false">
              <Summary numSequencePoints="1" visitedSequencePoints="0" numBranchPoints="0" visitedBranchPoints="0" sequenceCoverage="0.0" branchCoverage="0" maxCyclomaticComplexity="0" minCyclomaticComplexity="0" maxCrapScore="0" minCrapScore="0" visitedClasses="0" numClasses="0" visitedMethods="0" numMethods="1" />
              <MetadataToken>100663303</MetadataToken>
              <Name>Card CardDisplay::get_MyCard()</Name>
              <FileRef uid="3" />
              <SequencePoints>
                <SequencePoint vc="0" uspid="4468" ordinal="0" offset="0" sl="59" sc="0" el="59" ec="0" bec="0" bev="0" fileid="3" />
              </SequencePoints>
              <BranchPoints />
            </Method>
            <Method visited="false" cyclomaticComplexity="0" nPathComplexity="0" sequenceCoverage="0.0" branchCoverage="0" crapScore="0" isConstructor="false" isStatic="false" isGetter="true" isSetter="false">
              <Summary numSequencePoints="1" visitedSequencePoints="0" numBranchPoints="0" visitedBranchPoints="0" sequenceCoverage="0.0" branchCoverage="0" maxCyclomaticComplexity="0" minCyclomaticComplexity="0" maxCrapScore="0" minCrapScore="0" visitedClasses="0" numClasses="0" visitedMethods="0" numMethods="1" />
              <MetadataToken>100663304</MetadataToken>
              <Name>Player CardDisplay::get_Owner()</Name>
              <FileRef uid="3" />
              <SequencePoints>
                <SequencePoint vc="0" uspid="4469" ordinal="0" offset="0" sl="61" sc="28" el="61" ec="28" bec="0" bev="0" fileid="3" />
              </SequencePoints>
              <BranchPoints />
            </Method>
            <Method visited="false" cyclomaticComplexity="0" nPathComplexity="0" sequenceCoverage="0.0" branchCoverage="0" crapScore="0" isConstructor="false" isStatic="false" isGetter="false" isSetter="false">
              <Summary numSequencePoints="12" visitedSequencePoints="0" numBranchPoints="0" visitedBranchPoints="0" sequenceCoverage="0.0" branchCoverage="0" maxCyclomaticComplexity="0" minCyclomaticComplexity="0" maxCrapScore="0" minCrapScore="0" visitedClasses="0" numClasses="0" visitedMethods="0" numMethods="1" />
              <MetadataToken>100663305</MetadataToken>
              <Name>System.Void CardDisplay::SetCard(Card, Player)</Name>
              <FileRef uid="3" />
              <SequencePoints>
                <SequencePoint vc="0" uspid="4470" ordinal="0" offset="0" sl="64" sc="5" el="64" ec="5" bec="0" bev="0" fileid="3" />
                <SequencePoint vc="0" uspid="4471" ordinal="0" offset="1" sl="65" sc="9" el="65" ec="9" bec="0" bev="0" fileid="3" />
                <SequencePoint vc="0" uspid="4472" ordinal="0" offset="12" sl="66" sc="9" el="66" ec="9" bec="0" bev="0" fileid="3" />
                <SequencePoint vc="0" uspid="4473" ordinal="0" offset="24" sl="67" sc="9" el="67" ec="9" bec="0" bev="0" fileid="3" />
                <SequencePoint vc="0" uspid="4474" ordinal="0" offset="36" sl="68" sc="9" el="68" ec="9" bec="0" bev="0" fileid="3" />
                <SequencePoint vc="0" uspid="4475" ordinal="0" offset="48" sl="69" sc="9" el="69" ec="9" bec="0" bev="0" fileid="3" />
                <SequencePoint vc="0" uspid="4476" ordinal="0" offset="60" sl="70" sc="9" el="70" ec="9" bec="0" bev="0" fileid="3" />
                <SequencePoint vc="0" uspid="4477" ordinal="0" offset="72" sl="72" sc="9" el="72" ec="9" bec="0" bev="0" fileid="3" />
                <SequencePoint vc="0" uspid="4478" ordinal="0" offset="79" sl="73" sc="9" el="73" ec="9" bec="0" bev="0" fileid="3" />
                <SequencePoint vc="0" uspid="4479" ordinal="0" offset="92" sl="74" sc="9" el="74" ec="9" bec="0" bev="0" fileid="3" />
                <SequencePoint vc="0" uspid="4480" ordinal="0" offset="105" sl="75" sc="9" el="75" ec="9" bec="0" bev="0" fileid="3" />
                <SequencePoint vc="0" uspid="4481" ordinal="0" offset="112" sl="76" sc="5" el="76" ec="5" bec="0" bev="0" fileid="3" />
              </SequencePoints>
              <BranchPoints />
            </Method>
            <Method visited="false" cyclomaticComplexity="0" nPathComplexity="0" sequenceCoverage="0.0" branchCoverage="0" crapScore="0" isConstructor="false" isStatic="false" isGetter="false" isSetter="false">
              <Summary numSequencePoints="40" visitedSequencePoints="0" numBranchPoints="0" visitedBranchPoints="0" sequenceCoverage="0.0" branchCoverage="0" maxCyclomaticComplexity="0" minCyclomaticComplexity="0" maxCrapScore="0" minCrapScore="0" visitedClasses="0" numClasses="0" visitedMethods="0" numMethods="1" />
              <MetadataToken>100663306</MetadataToken>
              <Name>System.Void CardDisplay::SetAllColours(CardColour)</Name>
              <FileRef uid="3" />
              <SequencePoints>
                <SequencePoint vc="0" uspid="4482" ordinal="0" offset="0" sl="79" sc="5" el="79" ec="5" bec="0" bev="0" fileid="3" />
                <SequencePoint vc="0" uspid="4483" ordinal="0" offset="1" sl="80" sc="9" el="80" ec="9" bec="0" bev="0" fileid="3" />
                <SequencePoint vc="0" uspid="4484" ordinal="0" offset="36" sl="83" sc="13" el="83" ec="13" bec="0" bev="0" fileid="3" />
                <SequencePoint vc="0" uspid="4485" ordinal="0" offset="37" sl="84" sc="17" el="84" ec="17" bec="0" bev="0" fileid="3" />
                <SequencePoint vc="0" uspid="4486" ordinal="0" offset="60" sl="85" sc="17" el="85" ec="17" bec="0" bev="0" fileid="3" />
                <SequencePoint vc="0" uspid="4487" ordinal="0" offset="83" sl="86" sc="13" el="86" ec="13" bec="0" bev="0" fileid="3" />
                <SequencePoint vc="0" uspid="4488" ordinal="0" offset="84" sl="87" sc="13" el="87" ec="13" bec="0" bev="0" fileid="3" />
                <SequencePoint vc="0" uspid="4489" ordinal="0" offset="89" sl="89" sc="13" el="89" ec="13" bec="0" bev="0" fileid="3" />
                <SequencePoint vc="0" uspid="4490" ordinal="0" offset="90" sl="90" sc="17" el="90" ec="17" bec="0" bev="0" fileid="3" />
                <SequencePoint vc="0" uspid="4491" ordinal="0" offset="113" sl="91" sc="17" el="91" ec="17" bec="0" bev="0" fileid="3" />
                <SequencePoint vc="0" uspid="4492" ordinal="0" offset="136" sl="92" sc="13" el="92" ec="13" bec="0" bev="0" fileid="3" />
                <SequencePoint vc="0" uspid="4493" ordinal="0" offset="137" sl="93" sc="13" el="93" ec="13" bec="0" bev="0" fileid="3" />
                <SequencePoint vc="0" uspid="4494" ordinal="0" offset="142" sl="95" sc="13" el="95" ec="13" bec="0" bev="0" fileid="3" />
                <SequencePoint vc="0" uspid="4495" ordinal="0" offset="143" sl="96" sc="17" el="96" ec="17" bec="0" bev="0" fileid="3" />
                <SequencePoint vc="0" uspid="4496" ordinal="0" offset="166" sl="97" sc="17" el="97" ec="17" bec="0" bev="0" fileid="3" />
                <SequencePoint vc="0" uspid="4497" ordinal="0" offset="189" sl="98" sc="13" el="98" ec="13" bec="0" bev="0" fileid="3" />
                <SequencePoint vc="0" uspid="4498" ordinal="0" offset="190" sl="99" sc="13" el="99" ec="13" bec="0" bev="0" fileid="3" />
                <SequencePoint vc="0" uspid="4499" ordinal="0" offset="195" sl="101" sc="13" el="101" ec="13" bec="0" bev="0" fileid="3" />
                <SequencePoint vc="0" uspid="4500" ordinal="0" offset="196" sl="102" sc="17" el="102" ec="17" bec="0" bev="0" fileid="3" />
                <SequencePoint vc="0" uspid="4501" ordinal="0" offset="219" sl="103" sc="17" el="103" ec="17" bec="0" bev="0" fileid="3" />
                <SequencePoint vc="0" uspid="4502" ordinal="0" offset="242" sl="104" sc="13" el="104" ec="13" bec="0" bev="0" fileid="3" />
                <SequencePoint vc="0" uspid="4503" ordinal="0" offset="243" sl="105" sc="13" el="105" ec="13" bec="0" bev="0" fileid="3" />
                <SequencePoint vc="0" uspid="4504" ordinal="0" offset="248" sl="107" sc="13" el="107" ec="13" bec="0" bev="0" fileid="3" />
                <SequencePoint vc="0" uspid="4505" ordinal="0" offset="249" sl="108" sc="17" el="108" ec="17" bec="0" bev="0" fileid="3" />
                <SequencePoint vc="0" uspid="4506" ordinal="0" offset="272" sl="109" sc="17" el="109" ec="17" bec="0" bev="0" fileid="3" />
                <SequencePoint vc="0" uspid="4507" ordinal="0" offset="295" sl="112" sc="17" el="112" ec="17" bec="0" bev="0" fileid="3" />
                <SequencePoint vc="0" uspid="4508" ordinal="0" offset="318" sl="113" sc="17" el="113" ec="17" bec="0" bev="0" fileid="3" />
                <SequencePoint vc="0" uspid="4509" ordinal="0" offset="341" sl="114" sc="17" el="114" ec="17" bec="0" bev="0" fileid="3" />
                <SequencePoint vc="0" uspid="4510" ordinal="0" offset="364" sl="115" sc="17" el="115" ec="17" bec="0" bev="0" fileid="3" />
                <SequencePoint vc="0" uspid="4511" ordinal="0" offset="387" sl="117" sc="17" el="117" ec="17" bec="0" bev="0" fileid="3" />
                <SequencePoint vc="0" uspid="4512" ordinal="0" offset="410" sl="118" sc="17" el="118" ec="17" bec="0" bev="0" fileid="3" />
                <SequencePoint vc="0" uspid="4513" ordinal="0" offset="433" sl="119" sc="17" el="119" ec="17" bec="0" bev="0" fileid="3" />
                <SequencePoint vc="0" uspid="4514" ordinal="0" offset="456" sl="120" sc="17" el="120" ec="17" bec="0" bev="0" fileid="3" />
                <SequencePoint vc="0" uspid="4515" ordinal="0" offset="479" sl="122" sc="17" el="122" ec="17" bec="0" bev="0" fileid="3" />
                <SequencePoint vc="0" uspid="4516" ordinal="0" offset="502" sl="123" sc="17" el="123" ec="17" bec="0" bev="0" fileid="3" />
                <SequencePoint vc="0" uspid="4517" ordinal="0" offset="525" sl="124" sc="17" el="124" ec="17" bec="0" bev="0" fileid="3" />
                <SequencePoint vc="0" uspid="4518" ordinal="0" offset="548" sl="125" sc="17" el="125" ec="17" bec="0" bev="0" fileid="3" />
                <SequencePoint vc="0" uspid="4519" ordinal="0" offset="571" sl="126" sc="13" el="126" ec="13" bec="0" bev="0" fileid="3" />
                <SequencePoint vc="0" uspid="4520" ordinal="0" offset="572" sl="127" sc="13" el="127" ec="13" bec="0" bev="0" fileid="3" />
                <SequencePoint vc="0" uspid="4521" ordinal="0" offset="574" sl="131" sc="5" el="131" ec="5" bec="0" bev="0" fileid="3" />
              </SequencePoints>
              <BranchPoints />
            </Method>
            <Method visited="false" cyclomaticComplexity="0" nPathComplexity="0" sequenceCoverage="0.0" branchCoverage="0" crapScore="0" isConstructor="false" isStatic="false" isGetter="false" isSetter="false">
              <Summary numSequencePoints="64" visitedSequencePoints="0" numBranchPoints="0" visitedBranchPoints="0" sequenceCoverage="0.0" branchCoverage="0" maxCyclomaticComplexity="0" minCyclomaticComplexity="0" maxCrapScore="0" minCrapScore="0" visitedClasses="0" numClasses="0" visitedMethods="0" numMethods="1" />
              <MetadataToken>100663307</MetadataToken>
              <Name>System.Void CardDisplay::SetValue(CardValue)</Name>
              <FileRef uid="3" />
              <SequencePoints>
                <SequencePoint vc="0" uspid="4522" ordinal="0" offset="0" sl="134" sc="5" el="134" ec="5" bec="0" bev="0" fileid="3" />
                <SequencePoint vc="0" uspid="4523" ordinal="0" offset="1" sl="136" sc="9" el="136" ec="9" bec="0" bev="0" fileid="3" />
                <SequencePoint vc="0" uspid="4524" ordinal="0" offset="14" sl="137" sc="9" el="137" ec="9" bec="0" bev="0" fileid="3" />
                <SequencePoint vc="0" uspid="4525" ordinal="0" offset="27" sl="138" sc="9" el="138" ec="9" bec="0" bev="0" fileid="3" />
                <SequencePoint vc="0" uspid="4526" ordinal="0" offset="40" sl="139" sc="9" el="139" ec="9" bec="0" bev="0" fileid="3" />
                <SequencePoint vc="0" uspid="4527" ordinal="0" offset="58" sl="140" sc="9" el="140" ec="9" bec="0" bev="0" fileid="3" />
                <SequencePoint vc="0" uspid="4528" ordinal="0" offset="76" sl="141" sc="9" el="141" ec="9" bec="0" bev="0" fileid="3" />
                <SequencePoint vc="0" uspid="4529" ordinal="0" offset="94" sl="142" sc="9" el="142" ec="9" bec="0" bev="0" fileid="3" />
                <SequencePoint vc="0" uspid="4530" ordinal="0" offset="132" sl="145" sc="13" el="145" ec="13" bec="0" bev="0" fileid="3" />
                <SequencePoint vc="0" uspid="4531" ordinal="0" offset="133" sl="146" sc="17" el="146" ec="17" bec="0" bev="0" fileid="3" />
                <SequencePoint vc="0" uspid="4532" ordinal="0" offset="151" sl="147" sc="17" el="147" ec="17" bec="0" bev="0" fileid="3" />
                <SequencePoint vc="0" uspid="4533" ordinal="0" offset="169" sl="148" sc="17" el="148" ec="17" bec="0" bev="0" fileid="3" />
                <SequencePoint vc="0" uspid="4534" ordinal="0" offset="187" sl="149" sc="17" el="149" ec="17" bec="0" bev="0" fileid="3" />
                <SequencePoint vc="0" uspid="4535" ordinal="0" offset="205" sl="150" sc="17" el="150" ec="17" bec="0" bev="0" fileid="3" />
                <SequencePoint vc="0" uspid="4536" ordinal="0" offset="223" sl="151" sc="17" el="151" ec="17" bec="0" bev="0" fileid="3" />
                <SequencePoint vc="0" uspid="4537" ordinal="0" offset="241" sl="152" sc="17" el="152" ec="17" bec="0" bev="0" fileid="3" />
                <SequencePoint vc="0" uspid="4538" ordinal="0" offset="258" sl="153" sc="17" el="153" ec="17" bec="0" bev="0" fileid="3" />
                <SequencePoint vc="0" uspid="4539" ordinal="0" offset="275" sl="154" sc="17" el="154" ec="17" bec="0" bev="0" fileid="3" />
                <SequencePoint vc="0" uspid="4540" ordinal="0" offset="292" sl="155" sc="13" el="155" ec="13" bec="0" bev="0" fileid="3" />
                <SequencePoint vc="0" uspid="4541" ordinal="0" offset="293" sl="156" sc="13" el="156" ec="13" bec="0" bev="0" fileid="3" />
                <SequencePoint vc="0" uspid="4542" ordinal="0" offset="298" sl="158" sc="13" el="158" ec="13" bec="0" bev="0" fileid="3" />
                <SequencePoint vc="0" uspid="4543" ordinal="0" offset="299" sl="159" sc="17" el="159" ec="17" bec="0" bev="0" fileid="3" />
                <SequencePoint vc="0" uspid="4544" ordinal="0" offset="317" sl="160" sc="17" el="160" ec="17" bec="0" bev="0" fileid="3" />
                <SequencePoint vc="0" uspid="4545" ordinal="0" offset="335" sl="161" sc="17" el="161" ec="17" bec="0" bev="0" fileid="3" />
                <SequencePoint vc="0" uspid="4546" ordinal="0" offset="353" sl="162" sc="17" el="162" ec="17" bec="0" bev="0" fileid="3" />
                <SequencePoint vc="0" uspid="4547" ordinal="0" offset="371" sl="163" sc="17" el="163" ec="17" bec="0" bev="0" fileid="3" />
                <SequencePoint vc="0" uspid="4548" ordinal="0" offset="389" sl="164" sc="17" el="164" ec="17" bec="0" bev="0" fileid="3" />
                <SequencePoint vc="0" uspid="4549" ordinal="0" offset="407" sl="165" sc="17" el="165" ec="17" bec="0" bev="0" fileid="3" />
                <SequencePoint vc="0" uspid="4550" ordinal="0" offset="424" sl="166" sc="17" el="166" ec="17" bec="0" bev="0" fileid="3" />
                <SequencePoint vc="0" uspid="4551" ordinal="0" offset="441" sl="167" sc="17" el="167" ec="17" bec="0" bev="0" fileid="3" />
                <SequencePoint vc="0" uspid="4552" ordinal="0" offset="458" sl="168" sc="13" el="168" ec="13" bec="0" bev="0" fileid="3" />
                <SequencePoint vc="0" uspid="4553" ordinal="0" offset="459" sl="169" sc="13" el="169" ec="13" bec="0" bev="0" fileid="3" />
                <SequencePoint vc="0" uspid="4554" ordinal="0" offset="464" sl="171" sc="13" el="171" ec="13" bec="0" bev="0" fileid="3" />
                <SequencePoint vc="0" uspid="4555" ordinal="0" offset="465" sl="172" sc="17" el="172" ec="17" bec="0" bev="0" fileid="3" />
                <SequencePoint vc="0" uspid="4556" ordinal="0" offset="483" sl="173" sc="17" el="173" ec="17" bec="0" bev="0" fileid="3" />
                <SequencePoint vc="0" uspid="4557" ordinal="0" offset="501" sl="174" sc="17" el="174" ec="17" bec="0" bev="0" fileid="3" />
                <SequencePoint vc="0" uspid="4558" ordinal="0" offset="518" sl="175" sc="17" el="175" ec="17" bec="0" bev="0" fileid="3" />
                <SequencePoint vc="0" uspid="4559" ordinal="0" offset="535" sl="176" sc="17" el="176" ec="17" bec="0" bev="0" fileid="3" />
                <SequencePoint vc="0" uspid="4560" ordinal="0" offset="552" sl="177" sc="13" el="177" ec="13" bec="0" bev="0" fileid="3" />
                <SequencePoint vc="0" uspid="4561" ordinal="0" offset="553" sl="178" sc="13" el="178" ec="13" bec="0" bev="0" fileid="3" />
                <SequencePoint vc="0" uspid="4562" ordinal="0" offset="558" sl="180" sc="13" el="180" ec="13" bec="0" bev="0" fileid="3" />
                <SequencePoint vc="0" uspid="4563" ordinal="0" offset="559" sl="181" sc="17" el="181" ec="17" bec="0" bev="0" fileid="3" />
                <SequencePoint vc="0" uspid="4564" ordinal="0" offset="577" sl="182" sc="17" el="182" ec="17" bec="0" bev="0" fileid="3" />
                <SequencePoint vc="0" uspid="4565" ordinal="0" offset="595" sl="183" sc="17" el="183" ec="17" bec="0" bev="0" fileid="3" />
                <SequencePoint vc="0" uspid="4566" ordinal="0" offset="612" sl="184" sc="17" el="184" ec="17" bec="0" bev="0" fileid="3" />
                <SequencePoint vc="0" uspid="4567" ordinal="0" offset="629" sl="185" sc="17" el="185" ec="17" bec="0" bev="0" fileid="3" />
                <SequencePoint vc="0" uspid="4568" ordinal="0" offset="646" sl="186" sc="13" el="186" ec="13" bec="0" bev="0" fileid="3" />
                <SequencePoint vc="0" uspid="4569" ordinal="0" offset="647" sl="187" sc="13" el="187" ec="13" bec="0" bev="0" fileid="3" />
                <SequencePoint vc="0" uspid="4570" ordinal="0" offset="652" sl="189" sc="13" el="189" ec="13" bec="0" bev="0" fileid="3" />
                <SequencePoint vc="0" uspid="4571" ordinal="0" offset="653" sl="190" sc="17" el="190" ec="17" bec="0" bev="0" fileid="3" />
                <SequencePoint vc="0" uspid="4572" ordinal="0" offset="666" sl="191" sc="17" el="191" ec="17" bec="0" bev="0" fileid="3" />
                <SequencePoint vc="0" uspid="4573" ordinal="0" offset="679" sl="192" sc="17" el="192" ec="17" bec="0" bev="0" fileid="3" />
                <SequencePoint vc="0" uspid="4574" ordinal="0" offset="692" sl="193" sc="17" el="193" ec="17" bec="0" bev="0" fileid="3" />
                <SequencePoint vc="0" uspid="4575" ordinal="0" offset="709" sl="194" sc="17" el="194" ec="17" bec="0" bev="0" fileid="3" />
                <SequencePoint vc="0" uspid="4576" ordinal="0" offset="726" sl="195" sc="17" el="195" ec="17" bec="0" bev="0" fileid="3" />
                <SequencePoint vc="0" uspid="4577" ordinal="0" offset="743" sl="196" sc="13" el="196" ec="13" bec="0" bev="0" fileid="3" />
                <SequencePoint vc="0" uspid="4578" ordinal="0" offset="744" sl="197" sc="13" el="197" ec="13" bec="0" bev="0" fileid="3" />
                <SequencePoint vc="0" uspid="4579" ordinal="0" offset="746" sl="199" sc="13" el="199" ec="13" bec="0" bev="0" fileid="3" />
                <SequencePoint vc="0" uspid="4580" ordinal="0" offset="747" sl="200" sc="17" el="200" ec="17" bec="0" bev="0" fileid="3" />
                <SequencePoint vc="0" uspid="4581" ordinal="0" offset="768" sl="201" sc="17" el="201" ec="17" bec="0" bev="0" fileid="3" />
                <SequencePoint vc="0" uspid="4582" ordinal="0" offset="789" sl="202" sc="17" el="202" ec="17" bec="0" bev="0" fileid="3" />
                <SequencePoint vc="0" uspid="4583" ordinal="0" offset="810" sl="203" sc="13" el="203" ec="13" bec="0" bev="0" fileid="3" />
                <SequencePoint vc="0" uspid="4584" ordinal="0" offset="811" sl="204" sc="13" el="204" ec="13" bec="0" bev="0" fileid="3" />
                <SequencePoint vc="0" uspid="4585" ordinal="0" offset="813" sl="206" sc="5" el="206" ec="5" bec="0" bev="0" fileid="3" />
              </SequencePoints>
              <BranchPoints />
            </Method>
            <Method visited="false" cyclomaticComplexity="0" nPathComplexity="0" sequenceCoverage="0.0" branchCoverage="0" crapScore="0" isConstructor="false" isStatic="false" isGetter="false" isSetter="false">
              <Summary numSequencePoints="3" visitedSequencePoints="0" numBranchPoints="0" visitedBranchPoints="0" sequenceCoverage="0.0" branchCoverage="0" maxCyclomaticComplexity="0" minCyclomaticComplexity="0" maxCrapScore="0" minCrapScore="0" visitedClasses="0" numClasses="0" visitedMethods="0" numMethods="1" />
              <MetadataToken>100663308</MetadataToken>
              <Name>System.Void CardDisplay::ShowCard()</Name>
              <FileRef uid="3" />
              <SequencePoints>
                <SequencePoint vc="0" uspid="4586" ordinal="0" offset="0" sl="209" sc="0" el="209" ec="0" bec="0" bev="0" fileid="3" />
                <SequencePoint vc="0" uspid="4587" ordinal="0" offset="1" sl="210" sc="0" el="210" ec="0" bec="0" bev="0" fileid="3" />
                <SequencePoint vc="0" uspid="4588" ordinal="0" offset="14" sl="211" sc="0" el="211" ec="0" bec="0" bev="0" fileid="3" />
              </SequencePoints>
              <BranchPoints />
            </Method>
            <Method visited="false" cyclomaticComplexity="0" nPathComplexity="0" sequenceCoverage="0.0" branchCoverage="0" crapScore="0" isConstructor="false" isStatic="false" isGetter="false" isSetter="false">
              <Summary numSequencePoints="3" visitedSequencePoints="0" numBranchPoints="0" visitedBranchPoints="0" sequenceCoverage="0.0" branchCoverage="0" maxCyclomaticComplexity="0" minCyclomaticComplexity="0" maxCrapScore="0" minCrapScore="0" visitedClasses="0" numClasses="0" visitedMethods="0" numMethods="1" />
              <MetadataToken>100663309</MetadataToken>
              <Name>System.Void CardDisplay::HideCard()</Name>
              <FileRef uid="3" />
              <SequencePoints>
                <SequencePoint vc="0" uspid="4589" ordinal="0" offset="0" sl="213" sc="0" el="213" ec="0" bec="0" bev="0" fileid="3" />
                <SequencePoint vc="0" uspid="4590" ordinal="0" offset="1" sl="214" sc="0" el="214" ec="0" bec="0" bev="0" fileid="3" />
                <SequencePoint vc="0" uspid="4591" ordinal="0" offset="14" sl="215" sc="0" el="215" ec="0" bec="0" bev="0" fileid="3" />
              </SequencePoints>
              <BranchPoints />
            </Method>
          </Methods>
        </Class>
        <Class>
          <Summary numSequencePoints="28" visitedSequencePoints="0" numBranchPoints="0" visitedBranchPoints="0" sequenceCoverage="0.0" branchCoverage="0.0" maxCyclomaticComplexity="0" minCyclomaticComplexity="0" maxCrapScore="0" minCrapScore="0" visitedClasses="0" numClasses="1" visitedMethods="0" numMethods="6" />
          <FullName>CardInteraction</FullName>
          <Methods>
            <Method visited="false" cyclomaticComplexity="0" nPathComplexity="0" sequenceCoverage="0.0" branchCoverage="0" crapScore="0" isConstructor="false" isStatic="false" isGetter="false" isSetter="false">
              <Summary numSequencePoints="4" visitedSequencePoints="0" numBranchPoints="0" visitedBranchPoints="0" sequenceCoverage="0.0" branchCoverage="0" maxCyclomaticComplexity="0" minCyclomaticComplexity="0" maxCrapScore="0" minCrapScore="0" visitedClasses="0" numClasses="0" visitedMethods="0" numMethods="1" />
              <MetadataToken>100663311</MetadataToken>
              <Name>System.Void CardInteraction::Start()</Name>
              <FileRef uid="4" />
              <SequencePoints>
                <SequencePoint vc="0" uspid="4592" ordinal="0" offset="0" sl="13" sc="0" el="13" ec="0" bec="0" bev="0" fileid="4" />
                <SequencePoint vc="0" uspid="4593" ordinal="0" offset="1" sl="14" sc="0" el="14" ec="0" bec="0" bev="0" fileid="4" />
                <SequencePoint vc="0" uspid="4594" ordinal="0" offset="13" sl="15" sc="0" el="15" ec="0" bec="0" bev="0" fileid="4" />
                <SequencePoint vc="0" uspid="4595" ordinal="0" offset="30" sl="16" sc="0" el="16" ec="0" bec="0" bev="0" fileid="4" />
              </SequencePoints>
              <BranchPoints />
            </Method>
            <Method visited="false" cyclomaticComplexity="0" nPathComplexity="0" sequenceCoverage="0.0" branchCoverage="0" crapScore="0" isConstructor="false" isStatic="false" isGetter="false" isSetter="false">
              <Summary numSequencePoints="3" visitedSequencePoints="0" numBranchPoints="0" visitedBranchPoints="0" sequenceCoverage="0.0" branchCoverage="0" maxCyclomaticComplexity="0" minCyclomaticComplexity="0" maxCrapScore="0" minCrapScore="0" visitedClasses="0" numClasses="0" visitedMethods="0" numMethods="1" />
              <MetadataToken>100663312</MetadataToken>
              <Name>System.Void CardInteraction::OnPointerEnter(UnityEngine.EventSystems.PointerEventData)</Name>
              <FileRef uid="4" />
              <SequencePoints>
                <SequencePoint vc="0" uspid="4596" ordinal="0" offset="0" sl="19" sc="5" el="19" ec="5" bec="0" bev="0" fileid="4" />
                <SequencePoint vc="0" uspid="4597" ordinal="0" offset="1" sl="20" sc="9" el="20" ec="9" bec="0" bev="0" fileid="4" />
                <SequencePoint vc="0" uspid="4598" ordinal="0" offset="9" sl="21" sc="5" el="21" ec="5" bec="0" bev="0" fileid="4" />
              </SequencePoints>
              <BranchPoints />
            </Method>
            <Method visited="false" cyclomaticComplexity="0" nPathComplexity="0" sequenceCoverage="0.0" branchCoverage="0" crapScore="0" isConstructor="false" isStatic="false" isGetter="false" isSetter="false">
              <Summary numSequencePoints="3" visitedSequencePoints="0" numBranchPoints="0" visitedBranchPoints="0" sequenceCoverage="0.0" branchCoverage="0" maxCyclomaticComplexity="0" minCyclomaticComplexity="0" maxCrapScore="0" minCrapScore="0" visitedClasses="0" numClasses="0" visitedMethods="0" numMethods="1" />
              <MetadataToken>100663313</MetadataToken>
              <Name>System.Void CardInteraction::OnPointerExit(UnityEngine.EventSystems.PointerEventData)</Name>
              <FileRef uid="4" />
              <SequencePoints>
                <SequencePoint vc="0" uspid="4599" ordinal="0" offset="0" sl="24" sc="0" el="24" ec="0" bec="0" bev="0" fileid="4" />
                <SequencePoint vc="0" uspid="4600" ordinal="0" offset="1" sl="25" sc="0" el="25" ec="0" bec="0" bev="0" fileid="4" />
                <SequencePoint vc="0" uspid="4601" ordinal="0" offset="9" sl="26" sc="0" el="26" ec="0" bec="0" bev="0" fileid="4" />
              </SequencePoints>
              <BranchPoints />
            </Method>
            <Method visited="false" cyclomaticComplexity="0" nPathComplexity="0" sequenceCoverage="0.0" branchCoverage="0" crapScore="0" isConstructor="false" isStatic="false" isGetter="false" isSetter="false">
              <Summary numSequencePoints="8" visitedSequencePoints="0" numBranchPoints="0" visitedBranchPoints="0" sequenceCoverage="0.0" branchCoverage="0" maxCyclomaticComplexity="0" minCyclomaticComplexity="0" maxCrapScore="0" minCrapScore="0" visitedClasses="0" numClasses="0" visitedMethods="0" numMethods="1" />
              <MetadataToken>100663314</MetadataToken>
              <Name>System.Void CardInteraction::OnPointerClick(UnityEngine.EventSystems.PointerEventData)</Name>
              <FileRef uid="4" />
              <SequencePoints>
                <SequencePoint vc="0" uspid="4602" ordinal="0" offset="0" sl="29" sc="0" el="29" ec="0" bec="0" bev="0" fileid="4" />
                <SequencePoint vc="0" uspid="4603" ordinal="0" offset="1" sl="30" sc="0" el="30" ec="0" bec="0" bev="0" fileid="4" />
                <SequencePoint vc="0" uspid="4604" ordinal="0" offset="36" sl="31" sc="0" el="31" ec="0" bec="0" bev="0" fileid="4" />
                <SequencePoint vc="0" uspid="4605" ordinal="0" offset="37" sl="33" sc="0" el="33" ec="0" bec="0" bev="0" fileid="4" />
                <SequencePoint vc="0" uspid="4606" ordinal="0" offset="45" sl="34" sc="0" el="34" ec="0" bec="0" bev="0" fileid="4" />
                <SequencePoint vc="0" uspid="4607" ordinal="0" offset="63" sl="35" sc="0" el="35" ec="0" bec="0" bev="0" fileid="4" />
                <SequencePoint vc="0" uspid="4608" ordinal="0" offset="133" sl="36" sc="0" el="36" ec="0" bec="0" bev="0" fileid="4" />
                <SequencePoint vc="0" uspid="4609" ordinal="0" offset="134" sl="38" sc="0" el="38" ec="0" bec="0" bev="0" fileid="4" />
              </SequencePoints>
              <BranchPoints />
            </Method>
            <Method visited="false" cyclomaticComplexity="0" nPathComplexity="0" sequenceCoverage="0.0" branchCoverage="0" crapScore="0" isConstructor="false" isStatic="false" isGetter="false" isSetter="false">
              <Summary numSequencePoints="9" visitedSequencePoints="0" numBranchPoints="0" visitedBranchPoints="0" sequenceCoverage="0.0" branchCoverage="0" maxCyclomaticComplexity="0" minCyclomaticComplexity="0" maxCrapScore="0" minCrapScore="0" visitedClasses="0" numClasses="0" visitedMethods="0" numMethods="1" />
              <MetadataToken>100663315</MetadataToken>
              <Name>System.Void CardInteraction::LiftCard(System.Boolean)</Name>
              <FileRef uid="4" />
              <SequencePoints>
                <SequencePoint vc="0" uspid="4610" ordinal="0" offset="0" sl="41" sc="5" el="41" ec="5" bec="0" bev="0" fileid="4" />
                <SequencePoint vc="0" uspid="4611" ordinal="0" offset="1" sl="42" sc="9" el="42" ec="9" bec="0" bev="0" fileid="4" />
                <SequencePoint vc="0" uspid="4612" ordinal="0" offset="27" sl="43" sc="9" el="43" ec="9" bec="0" bev="0" fileid="4" />
                <SequencePoint vc="0" uspid="4613" ordinal="0" offset="28" sl="44" sc="13" el="44" ec="13" bec="0" bev="0" fileid="4" />
                <SequencePoint vc="0" uspid="4614" ordinal="0" offset="72" sl="45" sc="9" el="45" ec="9" bec="0" bev="0" fileid="4" />
                <SequencePoint vc="0" uspid="4615" ordinal="0" offset="75" sl="47" sc="9" el="47" ec="9" bec="0" bev="0" fileid="4" />
                <SequencePoint vc="0" uspid="4616" ordinal="0" offset="76" sl="48" sc="13" el="48" ec="13" bec="0" bev="0" fileid="4" />
                <SequencePoint vc="0" uspid="4617" ordinal="0" offset="94" sl="49" sc="9" el="49" ec="9" bec="0" bev="0" fileid="4" />
                <SequencePoint vc="0" uspid="4618" ordinal="0" offset="95" sl="50" sc="5" el="50" ec="5" bec="0" bev="0" fileid="4" />
              </SequencePoints>
              <BranchPoints />
            </Method>
            <Method visited="false" cyclomaticComplexity="0" nPathComplexity="0" sequenceCoverage="0.0" branchCoverage="0" crapScore="0" isConstructor="true" isStatic="false" isGetter="false" isSetter="false">
              <Summary numSequencePoints="1" visitedSequencePoints="0" numBranchPoints="0" visitedBranchPoints="0" sequenceCoverage="0.0" branchCoverage="0" maxCyclomaticComplexity="0" minCyclomaticComplexity="0" maxCrapScore="0" minCrapScore="0" visitedClasses="0" numClasses="0" visitedMethods="0" numMethods="1" />
              <MetadataToken>100663316</MetadataToken>
              <Name>CardInteraction::CardInteraction()</Name>
              <FileRef uid="4" />
              <SequencePoints>
                <SequencePoint vc="0" uspid="4619" ordinal="0" offset="0" sl="10" sc="5" el="10" ec="5" bec="0" bev="0" fileid="4" />
              </SequencePoints>
              <BranchPoints />
            </Method>
          </Methods>
        </Class>
        <Class>
          <Summary numSequencePoints="67" visitedSequencePoints="0" numBranchPoints="0" visitedBranchPoints="0" sequenceCoverage="0.0" branchCoverage="0.0" maxCyclomaticComplexity="0" minCyclomaticComplexity="0" maxCrapScore="0" minCrapScore="0" visitedClasses="0" numClasses="1" visitedMethods="0" numMethods="7" />
          <FullName>Deck</FullName>
          <Methods>
            <Method visited="false" cyclomaticComplexity="0" nPathComplexity="0" sequenceCoverage="0.0" branchCoverage="0" crapScore="0" isConstructor="false" isStatic="false" isGetter="false" isSetter="false">
              <Summary numSequencePoints="28" visitedSequencePoints="0" numBranchPoints="0" visitedBranchPoints="0" sequenceCoverage="0.0" branchCoverage="0" maxCyclomaticComplexity="0" minCyclomaticComplexity="0" maxCrapScore="0" minCrapScore="0" visitedClasses="0" numClasses="0" visitedMethods="0" numMethods="1" />
              <MetadataToken>100663317</MetadataToken>
              <Name>System.Void Deck::InitializeDeck()</Name>
              <FileRef uid="5" />
              <SequencePoints>
                <SequencePoint vc="0" uspid="4620" ordinal="0" offset="0" sl="19" sc="0" el="19" ec="0" bec="0" bev="0" fileid="5" />
                <SequencePoint vc="0" uspid="4621" ordinal="0" offset="1" sl="20" sc="0" el="20" ec="0" bec="0" bev="0" fileid="5" />
                <SequencePoint vc="0" uspid="4622" ordinal="0" offset="13" sl="22" sc="0" el="22" ec="0" bec="0" bev="0" fileid="5" />
                <SequencePoint vc="0" uspid="4623" ordinal="0" offset="14" sl="22" sc="0" el="22" ec="0" bec="0" bev="0" fileid="5" />
                <SequencePoint vc="0" uspid="4624" ordinal="0" offset="40" sl="22" sc="0" el="22" ec="0" bec="0" bev="0" fileid="5" />
                <SequencePoint vc="0" uspid="4625" ordinal="0" offset="52" sl="23" sc="0" el="23" ec="0" bec="0" bev="0" fileid="5" />
                <SequencePoint vc="0" uspid="4626" ordinal="0" offset="53" sl="24" sc="0" el="24" ec="0" bec="0" bev="0" fileid="5" />
                <SequencePoint vc="0" uspid="4627" ordinal="0" offset="54" sl="24" sc="0" el="24" ec="0" bec="0" bev="0" fileid="5" />
                <SequencePoint vc="0" uspid="4628" ordinal="0" offset="77" sl="24" sc="0" el="24" ec="0" bec="0" bev="0" fileid="5" />
                <SequencePoint vc="0" uspid="4629" ordinal="0" offset="89" sl="25" sc="0" el="25" ec="0" bec="0" bev="0" fileid="5" />
                <SequencePoint vc="0" uspid="4630" ordinal="0" offset="90" sl="26" sc="0" el="26" ec="0" bec="0" bev="0" fileid="5" />
                <SequencePoint vc="0" uspid="4631" ordinal="0" offset="116" sl="27" sc="0" el="27" ec="0" bec="0" bev="0" fileid="5" />
                <SequencePoint vc="0" uspid="4632" ordinal="0" offset="117" sl="28" sc="0" el="28" ec="0" bec="0" bev="0" fileid="5" />
                <SequencePoint vc="0" uspid="4633" ordinal="0" offset="136" sl="29" sc="0" el="29" ec="0" bec="0" bev="0" fileid="5" />
                <SequencePoint vc="0" uspid="4634" ordinal="0" offset="155" sl="30" sc="0" el="30" ec="0" bec="0" bev="0" fileid="5" />
                <SequencePoint vc="0" uspid="4635" ordinal="0" offset="156" sl="31" sc="0" el="31" ec="0" bec="0" bev="0" fileid="5" />
                <SequencePoint vc="0" uspid="4636" ordinal="0" offset="157" sl="24" sc="0" el="24" ec="0" bec="0" bev="0" fileid="5" />
                <SequencePoint vc="0" uspid="4637" ordinal="0" offset="188" sl="32" sc="0" el="32" ec="0" bec="0" bev="0" fileid="5" />
                <SequencePoint vc="0" uspid="4638" ordinal="0" offset="189" sl="22" sc="0" el="22" ec="0" bec="0" bev="0" fileid="5" />
                <SequencePoint vc="0" uspid="4639" ordinal="0" offset="223" sl="34" sc="0" el="34" ec="0" bec="0" bev="0" fileid="5" />
                <SequencePoint vc="0" uspid="4640" ordinal="0" offset="228" sl="35" sc="0" el="35" ec="0" bec="0" bev="0" fileid="5" />
                <SequencePoint vc="0" uspid="4641" ordinal="0" offset="229" sl="36" sc="0" el="36" ec="0" bec="0" bev="0" fileid="5" />
                <SequencePoint vc="0" uspid="4642" ordinal="0" offset="249" sl="37" sc="0" el="37" ec="0" bec="0" bev="0" fileid="5" />
                <SequencePoint vc="0" uspid="4643" ordinal="0" offset="269" sl="38" sc="0" el="38" ec="0" bec="0" bev="0" fileid="5" />
                <SequencePoint vc="0" uspid="4644" ordinal="0" offset="270" sl="34" sc="0" el="34" ec="0" bec="0" bev="0" fileid="5" />
                <SequencePoint vc="0" uspid="4645" ordinal="0" offset="276" sl="34" sc="0" el="34" ec="0" bec="0" bev="0" fileid="5" />
                <SequencePoint vc="0" uspid="4646" ordinal="0" offset="287" sl="40" sc="0" el="40" ec="0" bec="0" bev="0" fileid="5" />
                <SequencePoint vc="0" uspid="4647" ordinal="0" offset="294" sl="41" sc="0" el="41" ec="0" bec="0" bev="0" fileid="5" />
              </SequencePoints>
              <BranchPoints />
            </Method>
            <Method visited="false" cyclomaticComplexity="0" nPathComplexity="0" sequenceCoverage="0.0" branchCoverage="0" crapScore="0" isConstructor="false" isStatic="false" isGetter="false" isSetter="false">
              <Summary numSequencePoints="11" visitedSequencePoints="0" numBranchPoints="0" visitedBranchPoints="0" sequenceCoverage="0.0" branchCoverage="0" maxCyclomaticComplexity="0" minCyclomaticComplexity="0" maxCrapScore="0" minCrapScore="0" visitedClasses="0" numClasses="0" visitedMethods="0" numMethods="1" />
              <MetadataToken>100663318</MetadataToken>
              <Name>System.Void Deck::ShuffleDeck()</Name>
              <FileRef uid="5" />
              <SequencePoints>
                <SequencePoint vc="0" uspid="4648" ordinal="0" offset="0" sl="44" sc="0" el="44" ec="0" bec="0" bev="0" fileid="5" />
                <SequencePoint vc="0" uspid="4649" ordinal="0" offset="1" sl="45" sc="0" el="45" ec="0" bec="0" bev="0" fileid="5" />
                <SequencePoint vc="0" uspid="4650" ordinal="0" offset="5" sl="46" sc="0" el="46" ec="0" bec="0" bev="0" fileid="5" />
                <SequencePoint vc="0" uspid="4651" ordinal="0" offset="6" sl="47" sc="0" el="47" ec="0" bec="0" bev="0" fileid="5" />
                <SequencePoint vc="0" uspid="4652" ordinal="0" offset="19" sl="48" sc="0" el="48" ec="0" bec="0" bev="0" fileid="5" />
                <SequencePoint vc="0" uspid="4653" ordinal="0" offset="37" sl="49" sc="0" el="49" ec="0" bec="0" bev="0" fileid="5" />
                <SequencePoint vc="0" uspid="4654" ordinal="0" offset="62" sl="50" sc="0" el="50" ec="0" bec="0" bev="0" fileid="5" />
                <SequencePoint vc="0" uspid="4655" ordinal="0" offset="76" sl="51" sc="0" el="51" ec="0" bec="0" bev="0" fileid="5" />
                <SequencePoint vc="0" uspid="4656" ordinal="0" offset="77" sl="45" sc="0" el="45" ec="0" bec="0" bev="0" fileid="5" />
                <SequencePoint vc="0" uspid="4657" ordinal="0" offset="81" sl="45" sc="0" el="45" ec="0" bec="0" bev="0" fileid="5" />
                <SequencePoint vc="0" uspid="4658" ordinal="0" offset="99" sl="52" sc="0" el="52" ec="0" bec="0" bev="0" fileid="5" />
              </SequencePoints>
              <BranchPoints />
            </Method>
            <Method visited="false" cyclomaticComplexity="0" nPathComplexity="0" sequenceCoverage="0.0" branchCoverage="0" crapScore="0" isConstructor="false" isStatic="false" isGetter="false" isSetter="false">
              <Summary numSequencePoints="14" visitedSequencePoints="0" numBranchPoints="0" visitedBranchPoints="0" sequenceCoverage="0.0" branchCoverage="0" maxCyclomaticComplexity="0" minCyclomaticComplexity="0" maxCrapScore="0" minCrapScore="0" visitedClasses="0" numClasses="0" visitedMethods="0" numMethods="1" />
              <MetadataToken>100663319</MetadataToken>
              <Name>Card Deck::DrawCard()</Name>
              <FileRef uid="5" />
              <SequencePoints>
                <SequencePoint vc="0" uspid="4659" ordinal="0" offset="0" sl="55" sc="0" el="55" ec="0" bec="0" bev="0" fileid="5" />
                <SequencePoint vc="0" uspid="4660" ordinal="0" offset="1" sl="56" sc="0" el="56" ec="0" bec="0" bev="0" fileid="5" />
                <SequencePoint vc="0" uspid="4661" ordinal="0" offset="19" sl="57" sc="0" el="57" ec="0" bec="0" bev="0" fileid="5" />
                <SequencePoint vc="0" uspid="4662" ordinal="0" offset="20" sl="59" sc="0" el="59" ec="0" bec="0" bev="0" fileid="5" />
                <SequencePoint vc="0" uspid="4663" ordinal="0" offset="38" sl="60" sc="0" el="60" ec="0" bec="0" bev="0" fileid="5" />
                <SequencePoint vc="0" uspid="4664" ordinal="0" offset="50" sl="61" sc="0" el="61" ec="0" bec="0" bev="0" fileid="5" />
                <SequencePoint vc="0" uspid="4665" ordinal="0" offset="57" sl="63" sc="0" el="63" ec="0" bec="0" bev="0" fileid="5" />
                <SequencePoint vc="0" uspid="4666" ordinal="0" offset="75" sl="64" sc="0" el="64" ec="0" bec="0" bev="0" fileid="5" />
                <SequencePoint vc="0" uspid="4667" ordinal="0" offset="76" sl="65" sc="0" el="65" ec="0" bec="0" bev="0" fileid="5" />
                <SequencePoint vc="0" uspid="4668" ordinal="0" offset="80" sl="67" sc="0" el="67" ec="0" bec="0" bev="0" fileid="5" />
                <SequencePoint vc="0" uspid="4669" ordinal="0" offset="84" sl="70" sc="0" el="70" ec="0" bec="0" bev="0" fileid="5" />
                <SequencePoint vc="0" uspid="4670" ordinal="0" offset="97" sl="71" sc="0" el="71" ec="0" bec="0" bev="0" fileid="5" />
                <SequencePoint vc="0" uspid="4671" ordinal="0" offset="110" sl="72" sc="0" el="72" ec="0" bec="0" bev="0" fileid="5" />
                <SequencePoint vc="0" uspid="4672" ordinal="0" offset="114" sl="74" sc="0" el="74" ec="0" bec="0" bev="0" fileid="5" />
              </SequencePoints>
              <BranchPoints />
            </Method>
            <Method visited="false" cyclomaticComplexity="0" nPathComplexity="0" sequenceCoverage="0.0" branchCoverage="0" crapScore="0" isConstructor="false" isStatic="false" isGetter="false" isSetter="false">
              <Summary numSequencePoints="6" visitedSequencePoints="0" numBranchPoints="0" visitedBranchPoints="0" sequenceCoverage="0.0" branchCoverage="0" maxCyclomaticComplexity="0" minCyclomaticComplexity="0" maxCrapScore="0" minCrapScore="0" visitedClasses="0" numClasses="0" visitedMethods="0" numMethods="1" />
              <MetadataToken>100663320</MetadataToken>
              <Name>System.Void Deck::OnPointerClick(UnityEngine.EventSystems.PointerEventData)</Name>
              <FileRef uid="5" />
              <SequencePoints>
                <SequencePoint vc="0" uspid="4673" ordinal="0" offset="0" sl="77" sc="0" el="77" ec="0" bec="0" bev="0" fileid="5" />
                <SequencePoint vc="0" uspid="4674" ordinal="0" offset="1" sl="78" sc="0" el="78" ec="0" bec="0" bev="0" fileid="5" />
                <SequencePoint vc="0" uspid="4675" ordinal="0" offset="33" sl="79" sc="0" el="79" ec="0" bec="0" bev="0" fileid="5" />
                <SequencePoint vc="0" uspid="4676" ordinal="0" offset="34" sl="80" sc="0" el="80" ec="0" bec="0" bev="0" fileid="5" />
                <SequencePoint vc="0" uspid="4677" ordinal="0" offset="45" sl="81" sc="0" el="81" ec="0" bec="0" bev="0" fileid="5" />
                <SequencePoint vc="0" uspid="4678" ordinal="0" offset="46" sl="82" sc="0" el="82" ec="0" bec="0" bev="0" fileid="5" />
              </SequencePoints>
              <BranchPoints />
            </Method>
            <Method visited="false" cyclomaticComplexity="0" nPathComplexity="0" sequenceCoverage="0.0" branchCoverage="0" crapScore="0" isConstructor="false" isStatic="false" isGetter="false" isSetter="false">
              <Summary numSequencePoints="3" visitedSequencePoints="0" numBranchPoints="0" visitedBranchPoints="0" sequenceCoverage="0.0" branchCoverage="0" maxCyclomaticComplexity="0" minCyclomaticComplexity="0" maxCrapScore="0" minCrapScore="0" visitedClasses="0" numClasses="0" visitedMethods="0" numMethods="1" />
              <MetadataToken>100663321</MetadataToken>
              <Name>System.Void Deck::AddUsedCard(Card)</Name>
              <FileRef uid="5" />
              <SequencePoints>
                <SequencePoint vc="0" uspid="4679" ordinal="0" offset="0" sl="86" sc="0" el="86" ec="0" bec="0" bev="0" fileid="5" />
                <SequencePoint vc="0" uspid="4680" ordinal="0" offset="1" sl="87" sc="0" el="87" ec="0" bec="0" bev="0" fileid="5" />
                <SequencePoint vc="0" uspid="4681" ordinal="0" offset="14" sl="88" sc="0" el="88" ec="0" bec="0" bev="0" fileid="5" />
              </SequencePoints>
              <BranchPoints />
            </Method>
            <Method visited="false" cyclomaticComplexity="0" nPathComplexity="0" sequenceCoverage="0.0" branchCoverage="0" crapScore="0" isConstructor="false" isStatic="false" isGetter="false" isSetter="false">
              <Summary numSequencePoints="3" visitedSequencePoints="0" numBranchPoints="0" visitedBranchPoints="0" sequenceCoverage="0.0" branchCoverage="0" maxCyclomaticComplexity="0" minCyclomaticComplexity="0" maxCrapScore="0" minCrapScore="0" visitedClasses="0" numClasses="0" visitedMethods="0" numMethods="1" />
              <MetadataToken>100663322</MetadataToken>
              <Name>System.Int32 Deck::GetRemainingCards()</Name>
              <FileRef uid="5" />
              <SequencePoints>
                <SequencePoint vc="0" uspid="4682" ordinal="0" offset="0" sl="92" sc="0" el="92" ec="0" bec="0" bev="0" fileid="5" />
                <SequencePoint vc="0" uspid="4683" ordinal="0" offset="1" sl="93" sc="0" el="93" ec="0" bec="0" bev="0" fileid="5" />
                <SequencePoint vc="0" uspid="4684" ordinal="0" offset="15" sl="94" sc="0" el="94" ec="0" bec="0" bev="0" fileid="5" />
              </SequencePoints>
              <BranchPoints />
            </Method>
            <Method visited="false" cyclomaticComplexity="0" nPathComplexity="0" sequenceCoverage="0.0" branchCoverage="0" crapScore="0" isConstructor="true" isStatic="false" isGetter="false" isSetter="false">
              <Summary numSequencePoints="2" visitedSequencePoints="0" numBranchPoints="0" visitedBranchPoints="0" sequenceCoverage="0.0" branchCoverage="0" maxCyclomaticComplexity="0" minCyclomaticComplexity="0" maxCrapScore="0" minCrapScore="0" visitedClasses="0" numClasses="0" visitedMethods="0" numMethods="1" />
              <MetadataToken>100663323</MetadataToken>
              <Name>Deck::Deck()</Name>
              <FileRef uid="5" />
              <SequencePoints>
                <SequencePoint vc="0" uspid="4685" ordinal="0" offset="0" sl="9" sc="5" el="9" ec="5" bec="0" bev="0" fileid="5" />
                <SequencePoint vc="0" uspid="4686" ordinal="0" offset="11" sl="10" sc="5" el="10" ec="5" bec="0" bev="0" fileid="5" />
              </SequencePoints>
              <BranchPoints />
            </Method>
          </Methods>
        </Class>
        <Class>
          <Summary numSequencePoints="316" visitedSequencePoints="0" numBranchPoints="0" visitedBranchPoints="0" sequenceCoverage="0.0" branchCoverage="0.0" maxCyclomaticComplexity="0" minCyclomaticComplexity="0" maxCrapScore="0" minCrapScore="0" visitedClasses="0" numClasses="1" visitedMethods="0" numMethods="31" />
          <FullName>GameManager</FullName>
          <Methods>
            <Method visited="false" cyclomaticComplexity="0" nPathComplexity="0" sequenceCoverage="0.0" branchCoverage="0" crapScore="0" isConstructor="false" isStatic="false" isGetter="true" isSetter="false">
              <Summary numSequencePoints="1" visitedSequencePoints="0" numBranchPoints="0" visitedBranchPoints="0" sequenceCoverage="0.0" branchCoverage="0" maxCyclomaticComplexity="0" minCyclomaticComplexity="0" maxCrapScore="0" minCrapScore="0" visitedClasses="0" numClasses="0" visitedMethods="0" numMethods="1" />
              <MetadataToken>100663324</MetadataToken>
              <Name>System.Boolean GameManager::get_humanHasTurn()</Name>
              <FileRef uid="6" />
              <SequencePoints>
                <SequencePoint vc="0" uspid="4687" ordinal="0" offset="0" sl="50" sc="0" el="50" ec="0" bec="0" bev="0" fileid="6" />
              </SequencePoints>
              <BranchPoints />
            </Method>
            <Method visited="false" cyclomaticComplexity="0" nPathComplexity="0" sequenceCoverage="0.0" branchCoverage="0" crapScore="0" isConstructor="false" isStatic="false" isGetter="false" isSetter="true">
              <Summary numSequencePoints="1" visitedSequencePoints="0" numBranchPoints="0" visitedBranchPoints="0" sequenceCoverage="0.0" branchCoverage="0" maxCyclomaticComplexity="0" minCyclomaticComplexity="0" maxCrapScore="0" minCrapScore="0" visitedClasses="0" numClasses="0" visitedMethods="0" numMethods="1" />
              <MetadataToken>100663325</MetadataToken>
              <Name>System.Void GameManager::set_humanHasTurn(System.Boolean)</Name>
              <FileRef uid="6" />
              <SequencePoints>
                <SequencePoint vc="0" uspid="4688" ordinal="0" offset="0" sl="50" sc="0" el="50" ec="0" bec="0" bev="0" fileid="6" />
              </SequencePoints>
              <BranchPoints />
            </Method>
            <Method visited="false" cyclomaticComplexity="0" nPathComplexity="0" sequenceCoverage="0.0" branchCoverage="0" crapScore="0" isConstructor="false" isStatic="false" isGetter="false" isSetter="false">
              <Summary numSequencePoints="3" visitedSequencePoints="0" numBranchPoints="0" visitedBranchPoints="0" sequenceCoverage="0.0" branchCoverage="0" maxCyclomaticComplexity="0" minCyclomaticComplexity="0" maxCrapScore="0" minCrapScore="0" visitedClasses="0" numClasses="0" visitedMethods="0" numMethods="1" />
              <MetadataToken>100663326</MetadataToken>
              <Name>System.Void GameManager::Awake()</Name>
              <FileRef uid="6" />
              <SequencePoints>
                <SequencePoint vc="0" uspid="4689" ordinal="0" offset="0" sl="54" sc="0" el="54" ec="0" bec="0" bev="0" fileid="6" />
                <SequencePoint vc="0" uspid="4690" ordinal="0" offset="1" sl="55" sc="0" el="55" ec="0" bec="0" bev="0" fileid="6" />
[...]
              <Summary numSequencePoints="7" visitedSequencePoints="0" numBranchPoints="0" visitedBranchPoints="0" sequenceCoverage="0.0" branchCoverage="0" maxCyclomaticComplexity="0" minCyclomaticComplexity="0" maxCrapScore="0" minCrapScore="0" visitedClasses="0" numClasses="0" visitedMethods="0" numMethods="1" />
              <MetadataToken>100663405</MetadataToken>
              <Name>static System.Void CardDisplayTests/ColorAssert::AreEqual(UnityEngine.Color32, UnityEngine.Color, System.String)</Name>
              <FileRef uid="11" />
              <SequencePoints>
                <SequencePoint vc="0" uspid="6391" ordinal="0" offset="0" sl="398" sc="0" el="398" ec="0" bec="0" bev="0" fileid="11" />
                <SequencePoint vc="0" uspid="6392" ordinal="0" offset="1" sl="399" sc="0" el="399" ec="0" bec="0" bev="0" fileid="11" />
                <SequencePoint vc="0" uspid="6393" ordinal="0" offset="60" sl="400" sc="0" el="400" ec="0" bec="0" bev="0" fileid="11" />
                <SequencePoint vc="0" uspid="6394" ordinal="0" offset="119" sl="401" sc="0" el="401" ec="0" bec="0" bev="0" fileid="11" />
                <SequencePoint vc="0" uspid="6395" ordinal="0" offset="178" sl="402" sc="0" el="402" ec="0" bec="0" bev="0" fileid="11" />
                <SequencePoint vc="0" uspid="6396" ordinal="0" offset="237" sl="403" sc="0" el="403" ec="0" bec="0" bev="0" fileid="11" />
                <SequencePoint vc="0" uspid="6397" ordinal="0" offset="296" sl="404" sc="0" el="404" ec="0" bec="0" bev="0" fileid="11" />
              </SequencePoints>
              <BranchPoints />
            </Method>
          </Methods>
        </Class>
        <Class>
          <Summary numSequencePoints="42" visitedSequencePoints="0" numBranchPoints="0" visitedBranchPoints="0" sequenceCoverage="0.0" branchCoverage="0.0" maxCyclomaticComplexity="0" minCyclomaticComplexity="0" maxCrapScore="0" minCrapScore="0" visitedClasses="0" numClasses="1" visitedMethods="0" numMethods="1" />
          <FullName>CardInteractionTests/&lt;Test_CardInteraction_ClickToPlayCard&gt;d__18</FullName>
          <Methods>
            <Method visited="false" cyclomaticComplexity="0" nPathComplexity="0" sequenceCoverage="0.0" branchCoverage="0" crapScore="0" isConstructor="false" isStatic="false" isGetter="false" isSetter="false">
              <Summary numSequencePoints="42" visitedSequencePoints="0" numBranchPoints="0" visitedBranchPoints="0" sequenceCoverage="0.0" branchCoverage="0" maxCyclomaticComplexity="0" minCyclomaticComplexity="0" maxCrapScore="0" minCrapScore="0" visitedClasses="0" numClasses="0" visitedMethods="0" numMethods="1" />
              <MetadataToken>100663409</MetadataToken>
              <Name>System.Boolean CardInteractionTests/&lt;Test_CardInteraction_ClickToPlayCard&gt;d__18::MoveNext()</Name>
              <FileRef uid="12" />
              <SequencePoints>
                <SequencePoint vc="0" uspid="6398" ordinal="0" offset="63" sl="252" sc="5" el="252" ec="5" bec="0" bev="0" fileid="12" />
                <SequencePoint vc="0" uspid="6399" ordinal="0" offset="64" sl="254" sc="9" el="254" ec="9" bec="0" bev="0" fileid="12" />
                <SequencePoint vc="0" uspid="6400" ordinal="0" offset="91" sl="257" sc="9" el="257" ec="9" bec="0" bev="0" fileid="12" />
                <SequencePoint vc="0" uspid="6401" ordinal="0" offset="108" sl="258" sc="9" el="258" ec="9" bec="0" bev="0" fileid="12" />
                <SequencePoint vc="0" uspid="6402" ordinal="0" offset="121" sl="259" sc="9" el="259" ec="9" bec="0" bev="0" fileid="12" />
                <SequencePoint vc="0" uspid="6403" ordinal="0" offset="139" sl="262" sc="9" el="262" ec="9" bec="0" bev="0" fileid="12" />
                <SequencePoint vc="0" uspid="6404" ordinal="0" offset="163" sl="263" sc="9" el="263" ec="9" bec="0" bev="0" fileid="12" />
                <SequencePoint vc="0" uspid="6405" ordinal="0" offset="191" sl="264" sc="9" el="264" ec="9" bec="0" bev="0" fileid="12" />
                <SequencePoint vc="0" uspid="6406" ordinal="0" offset="219" sl="265" sc="9" el="265" ec="9" bec="0" bev="0" fileid="12" />
                <SequencePoint vc="0" uspid="6407" ordinal="0" offset="247" sl="266" sc="9" el="266" ec="9" bec="0" bev="0" fileid="12" />
                <SequencePoint vc="0" uspid="6408" ordinal="0" offset="275" sl="267" sc="9" el="267" ec="9" bec="0" bev="0" fileid="12" />
                <SequencePoint vc="0" uspid="6409" ordinal="0" offset="303" sl="270" sc="9" el="270" ec="9" bec="0" bev="0" fileid="12" />
                <SequencePoint vc="0" uspid="6410" ordinal="0" offset="332" sl="273" sc="9" el="273" ec="9" bec="0" bev="0" fileid="12" />
                <SequencePoint vc="0" uspid="6411" ordinal="0" offset="367" sl="274" sc="9" el="274" ec="9" bec="0" bev="0" fileid="12" />
                <SequencePoint vc="0" uspid="6412" ordinal="0" offset="384" sl="275" sc="9" el="275" ec="9" bec="0" bev="0" fileid="12" />
                <SequencePoint vc="0" uspid="6413" ordinal="0" offset="408" sl="276" sc="9" el="276" ec="9" bec="0" bev="0" fileid="12" />
                <SequencePoint vc="0" uspid="6414" ordinal="0" offset="421" sl="277" sc="9" el="277" ec="9" bec="0" bev="0" fileid="12" />
                <SequencePoint vc="0" uspid="6415" ordinal="0" offset="440" sl="280" sc="9" el="280" ec="9" bec="0" bev="0" fileid="12" />
                <SequencePoint vc="0" uspid="6416" ordinal="0" offset="468" sl="281" sc="9" el="281" ec="9" bec="0" bev="0" fileid="12" />
                <SequencePoint vc="0" uspid="6417" ordinal="0" offset="496" sl="282" sc="9" el="282" ec="9" bec="0" bev="0" fileid="12" />
                <SequencePoint vc="0" uspid="6418" ordinal="0" offset="524" sl="283" sc="9" el="283" ec="9" bec="0" bev="0" fileid="12" />
                <SequencePoint vc="0" uspid="6419" ordinal="0" offset="552" sl="286" sc="9" el="286" ec="9" bec="0" bev="0" fileid="12" />
                <SequencePoint vc="0" uspid="6420" ordinal="0" offset="576" sl="287" sc="9" el="287" ec="9" bec="0" bev="0" fileid="12" />
                <SequencePoint vc="0" uspid="6421" ordinal="0" offset="604" sl="290" sc="9" el="290" ec="9" bec="0" bev="0" fileid="12" />
                <SequencePoint vc="0" uspid="6422" ordinal="0" offset="626" sl="293" sc="9" el="293" ec="9" bec="0" bev="0" fileid="12" />
                <SequencePoint vc="0" uspid="6423" ordinal="0" offset="653" sl="296" sc="9" el="296" ec="9" bec="0" bev="0" fileid="12" />
                <SequencePoint vc="0" uspid="6424" ordinal="0" offset="676" sl="297" sc="9" el="297" ec="9" bec="0" bev="0" fileid="12" />
                <SequencePoint vc="0" uspid="6425" ordinal="0" offset="699" sl="300" sc="9" el="300" ec="9" bec="0" bev="0" fileid="12" />
                <SequencePoint vc="0" uspid="6426" ordinal="0" offset="736" sl="301" sc="9" el="301" ec="9" bec="0" bev="0" fileid="12" />
                <SequencePoint vc="0" uspid="6427" ordinal="0" offset="789" sl="304" sc="9" el="304" ec="9" bec="0" bev="0" fileid="12" />
                <SequencePoint vc="0" uspid="6428" ordinal="0" offset="832" sl="305" sc="9" el="305" ec="9" bec="0" bev="0" fileid="12" />
                <SequencePoint vc="0" uspid="6429" ordinal="0" offset="874" sl="306" sc="9" el="306" ec="9" bec="0" bev="0" fileid="12" />
                <SequencePoint vc="0" uspid="6430" ordinal="0" offset="927" sl="307" sc="9" el="307" ec="9" bec="0" bev="0" fileid="12" />
                <SequencePoint vc="0" uspid="6431" ordinal="0" offset="980" sl="310" sc="9" el="310" ec="9" bec="0" bev="0" fileid="12" />
                <SequencePoint vc="0" uspid="6432" ordinal="0" offset="1003" sl="311" sc="9" el="311" ec="9" bec="0" bev="0" fileid="12" />
                <SequencePoint vc="0" uspid="6433" ordinal="0" offset="1026" sl="314" sc="9" el="314" ec="9" bec="0" bev="0" fileid="12" />
                <SequencePoint vc="0" uspid="6434" ordinal="0" offset="1049" sl="315" sc="9" el="315" ec="9" bec="0" bev="0" fileid="12" />
                <SequencePoint vc="0" uspid="6435" ordinal="0" offset="1081" sl="318" sc="9" el="318" ec="9" bec="0" bev="0" fileid="12" />
                <SequencePoint vc="0" uspid="6436" ordinal="0" offset="1134" sl="321" sc="9" el="321" ec="9" bec="0" bev="0" fileid="12" />
                <SequencePoint vc="0" uspid="6437" ordinal="0" offset="1177" sl="322" sc="9" el="322" ec="9" bec="0" bev="0" fileid="12" />
                <SequencePoint vc="0" uspid="6438" ordinal="0" offset="1235" sl="325" sc="9" el="325" ec="9" bec="0" bev="0" fileid="12" />
                <SequencePoint vc="0" uspid="6439" ordinal="0" offset="1247" sl="326" sc="5" el="326" ec="5" bec="0" bev="0" fileid="12" />
              </SequencePoints>
              <BranchPoints />
            </Method>
          </Methods>
        </Class>
        <Class>
          <Summary numSequencePoints="13" visitedSequencePoints="0" numBranchPoints="0" visitedBranchPoints="0" sequenceCoverage="0.0" branchCoverage="0.0" maxCyclomaticComplexity="0" minCyclomaticComplexity="0" maxCrapScore="0" minCrapScore="0" visitedClasses="0" numClasses="1" visitedMethods="0" numMethods="1" />
          <FullName>CardInteractionTests/&lt;Test_CardInteraction_HoverEffect&gt;d__17</FullName>
          <Methods>
            <Method visited="false" cyclomaticComplexity="0" nPathComplexity="0" sequenceCoverage="0.0" branchCoverage="0" crapScore="0" isConstructor="false" isStatic="false" isGetter="false" isSetter="false">
              <Summary numSequencePoints="13" visitedSequencePoints="0" numBranchPoints="0" visitedBranchPoints="0" sequenceCoverage="0.0" branchCoverage="0" maxCyclomaticComplexity="0" minCyclomaticComplexity="0" maxCrapScore="0" minCrapScore="0" visitedClasses="0" numClasses="0" visitedMethods="0" numMethods="1" />
              <MetadataToken>100663415</MetadataToken>
              <Name>System.Boolean CardInteractionTests/&lt;Test_CardInteraction_HoverEffect&gt;d__17::MoveNext()</Name>
              <FileRef uid="12" />
              <SequencePoints>
                <SequencePoint vc="0" uspid="6440" ordinal="0" offset="54" sl="223" sc="0" el="223" ec="0" bec="0" bev="0" fileid="12" />
                <SequencePoint vc="0" uspid="6441" ordinal="0" offset="55" sl="225" sc="0" el="225" ec="0" bec="0" bev="0" fileid="12" />
                <SequencePoint vc="0" uspid="6442" ordinal="0" offset="82" sl="228" sc="0" el="228" ec="0" bec="0" bev="0" fileid="12" />
                <SequencePoint vc="0" uspid="6443" ordinal="0" offset="104" sl="231" sc="0" el="231" ec="0" bec="0" bev="0" fileid="12" />
                <SequencePoint vc="0" uspid="6444" ordinal="0" offset="131" sl="232" sc="0" el="232" ec="0" bec="0" bev="0" fileid="12" />
                <SequencePoint vc="0" uspid="6445" ordinal="0" offset="168" sl="235" sc="0" el="235" ec="0" bec="0" bev="0" fileid="12" />
                <SequencePoint vc="0" uspid="6446" ordinal="0" offset="191" sl="236" sc="0" el="236" ec="0" bec="0" bev="0" fileid="12" />
                <SequencePoint vc="0" uspid="6447" ordinal="0" offset="214" sl="239" sc="0" el="239" ec="0" bec="0" bev="0" fileid="12" />
                <SequencePoint vc="0" uspid="6448" ordinal="0" offset="251" sl="240" sc="0" el="240" ec="0" bec="0" bev="0" fileid="12" />
                <SequencePoint vc="0" uspid="6449" ordinal="0" offset="304" sl="243" sc="0" el="243" ec="0" bec="0" bev="0" fileid="12" />
                <SequencePoint vc="0" uspid="6450" ordinal="0" offset="327" sl="244" sc="0" el="244" ec="0" bec="0" bev="0" fileid="12" />
                <SequencePoint vc="0" uspid="6451" ordinal="0" offset="350" sl="247" sc="0" el="247" ec="0" bec="0" bev="0" fileid="12" />
                <SequencePoint vc="0" uspid="6452" ordinal="0" offset="403" sl="248" sc="0" el="248" ec="0" bec="0" bev="0" fileid="12" />
              </SequencePoints>
              <BranchPoints />
            </Method>
          </Methods>
        </Class>
        <Class>
          <Summary numSequencePoints="13" visitedSequencePoints="0" numBranchPoints="0" visitedBranchPoints="0" sequenceCoverage="0.0" branchCoverage="0.0" maxCyclomaticComplexity="0" minCyclomaticComplexity="0" maxCrapScore="0" minCrapScore="0" visitedClasses="0" numClasses="1" visitedMethods="0" numMethods="7" />
          <FullName>MenuTests/TestMenu</FullName>
          <Methods>
            <Method visited="false" cyclomaticComplexity="0" nPathComplexity="0" sequenceCoverage="0.0" branchCoverage="0" crapScore="0" isConstructor="false" isStatic="false" isGetter="true" isSetter="false">
              <Summary numSequencePoints="1" visitedSequencePoints="0" numBranchPoints="0" visitedBranchPoints="0" sequenceCoverage="0.0" branchCoverage="0" maxCyclomaticComplexity="0" minCyclomaticComplexity="0" maxCrapScore="0" minCrapScore="0" visitedClasses="0" numClasses="0" visitedMethods="0" numMethods="1" />
              <MetadataToken>100663420</MetadataToken>
              <Name>System.String MenuTests/TestMenu::get_LastLoadedScene()</Name>
              <FileRef uid="16" />
              <SequencePoints>
                <SequencePoint vc="0" uspid="6453" ordinal="0" offset="0" sl="17" sc="0" el="17" ec="0" bec="0" bev="0" fileid="16" />
              </SequencePoints>
              <BranchPoints />
            </Method>
            <Method visited="false" cyclomaticComplexity="0" nPathComplexity="0" sequenceCoverage="0.0" branchCoverage="0" crapScore="0" isConstructor="false" isStatic="false" isGetter="false" isSetter="true">
              <Summary numSequencePoints="1" visitedSequencePoints="0" numBranchPoints="0" visitedBranchPoints="0" sequenceCoverage="0.0" branchCoverage="0" maxCyclomaticComplexity="0" minCyclomaticComplexity="0" maxCrapScore="0" minCrapScore="0" visitedClasses="0" numClasses="0" visitedMethods="0" numMethods="1" />
              <MetadataToken>100663421</MetadataToken>
              <Name>System.Void MenuTests/TestMenu::set_LastLoadedScene(System.String)</Name>
              <FileRef uid="16" />
              <SequencePoints>
                <SequencePoint vc="0" uspid="6454" ordinal="0" offset="0" sl="17" sc="0" el="17" ec="0" bec="0" bev="0" fileid="16" />
              </SequencePoints>
              <BranchPoints />
            </Method>
            <Method visited="false" cyclomaticComplexity="0" nPathComplexity="0" sequenceCoverage="0.0" branchCoverage="0" crapScore="0" isConstructor="false" isStatic="false" isGetter="true" isSetter="false">
              <Summary numSequencePoints="1" visitedSequencePoints="0" numBranchPoints="0" visitedBranchPoints="0" sequenceCoverage="0.0" branchCoverage="0" maxCyclomaticComplexity="0" minCyclomaticComplexity="0" maxCrapScore="0" minCrapScore="0" visitedClasses="0" numClasses="0" visitedMethods="0" numMethods="1" />
              <MetadataToken>100663422</MetadataToken>
              <Name>System.Boolean MenuTests/TestMenu::get_QuitCalled()</Name>
              <FileRef uid="16" />
              <SequencePoints>
                <SequencePoint vc="0" uspid="6455" ordinal="0" offset="0" sl="18" sc="0" el="18" ec="0" bec="0" bev="0" fileid="16" />
              </SequencePoints>
              <BranchPoints />
            </Method>
            <Method visited="false" cyclomaticComplexity="0" nPathComplexity="0" sequenceCoverage="0.0" branchCoverage="0" crapScore="0" isConstructor="false" isStatic="false" isGetter="false" isSetter="true">
              <Summary numSequencePoints="1" visitedSequencePoints="0" numBranchPoints="0" visitedBranchPoints="0" sequenceCoverage="0.0" branchCoverage="0" maxCyclomaticComplexity="0" minCyclomaticComplexity="0" maxCrapScore="0" minCrapScore="0" visitedClasses="0" numClasses="0" visitedMethods="0" numMethods="1" />
              <MetadataToken>100663423</MetadataToken>
              <Name>System.Void MenuTests/TestMenu::set_QuitCalled(System.Boolean)</Name>
              <FileRef uid="16" />
              <SequencePoints>
                <SequencePoint vc="0" uspid="6456" ordinal="0" offset="0" sl="18" sc="0" el="18" ec="0" bec="0" bev="0" fileid="16" />
              </SequencePoints>
              <BranchPoints />
            </Method>
            <Method visited="false" cyclomaticComplexity="0" nPathComplexity="0" sequenceCoverage="0.0" branchCoverage="0" crapScore="0" isConstructor="false" isStatic="false" isGetter="false" isSetter="false">
              <Summary numSequencePoints="3" visitedSequencePoints="0" numBranchPoints="0" visitedBranchPoints="0" sequenceCoverage="0.0" branchCoverage="0" maxCyclomaticComplexity="0" minCyclomaticComplexity="0" maxCrapScore="0" minCrapScore="0" visitedClasses="0" numClasses="0" visitedMethods="0" numMethods="1" />
              <MetadataToken>100663424</MetadataToken>
              <Name>System.Void MenuTests/TestMenu::LoadLevel(System.String)</Name>
              <FileRef uid="16" />
              <SequencePoints>
                <SequencePoint vc="0" uspid="6457" ordinal="0" offset="0" sl="21" sc="0" el="21" ec="0" bec="0" bev="0" fileid="16" />
                <SequencePoint vc="0" uspid="6458" ordinal="0" offset="1" sl="22" sc="0" el="22" ec="0" bec="0" bev="0" fileid="16" />
                <SequencePoint vc="0" uspid="6459" ordinal="0" offset="9" sl="23" sc="0" el="23" ec="0" bec="0" bev="0" fileid="16" />
              </SequencePoints>
              <BranchPoints />
            </Method>
            <Method visited="false" cyclomaticComplexity="0" nPathComplexity="0" sequenceCoverage="0.0" branchCoverage="0" crapScore="0" isConstructor="false" isStatic="false" isGetter="false" isSetter="false">
              <Summary numSequencePoints="3" visitedSequencePoints="0" numBranchPoints="0" visitedBranchPoints="0" sequenceCoverage="0.0" branchCoverage="0" maxCyclomaticComplexity="0" minCyclomaticComplexity="0" maxCrapScore="0" minCrapScore="0" visitedClasses="0" numClasses="0" visitedMethods="0" numMethods="1" />
              <MetadataToken>100663425</MetadataToken>
              <Name>System.Void MenuTests/TestMenu::RestartGame()</Name>
              <FileRef uid="16" />
              <SequencePoints>
                <SequencePoint vc="0" uspid="6460" ordinal="0" offset="0" sl="26" sc="0" el="26" ec="0" bec="0" bev="0" fileid="16" />
                <SequencePoint vc="0" uspid="6461" ordinal="0" offset="1" sl="27" sc="0" el="27" ec="0" bec="0" bev="0" fileid="16" />
                <SequencePoint vc="0" uspid="6462" ordinal="0" offset="13" sl="28" sc="0" el="28" ec="0" bec="0" bev="0" fileid="16" />
              </SequencePoints>
              <BranchPoints />
            </Method>
            <Method visited="false" cyclomaticComplexity="0" nPathComplexity="0" sequenceCoverage="0.0" branchCoverage="0" crapScore="0" isConstructor="false" isStatic="false" isGetter="false" isSetter="false">
              <Summary numSequencePoints="3" visitedSequencePoints="0" numBranchPoints="0" visitedBranchPoints="0" sequenceCoverage="0.0" branchCoverage="0" maxCyclomaticComplexity="0" minCyclomaticComplexity="0" maxCrapScore="0" minCrapScore="0" visitedClasses="0" numClasses="0" visitedMethods="0" numMethods="1" />
              <MetadataToken>100663426</MetadataToken>
              <Name>System.Void MenuTests/TestMenu::ExitGame()</Name>
              <FileRef uid="16" />
              <SequencePoints>
                <SequencePoint vc="0" uspid="6463" ordinal="0" offset="0" sl="31" sc="0" el="31" ec="0" bec="0" bev="0" fileid="16" />
                <SequencePoint vc="0" uspid="6464" ordinal="0" offset="1" sl="32" sc="0" el="32" ec="0" bec="0" bev="0" fileid="16" />
                <SequencePoint vc="0" uspid="6465" ordinal="0" offset="9" sl="33" sc="0" el="33" ec="0" bec="0" bev="0" fileid="16" />
              </SequencePoints>
              <BranchPoints />
            </Method>
          </Methods>
        </Class>
      </Classes>
    </Module>
  </Modules>
</CoverageSession>