<?xml version="1.0" encoding="utf-8"?>
<CoverageSession xmlns:xsd="http://www.w3.org/2001/XMLSchema" xmlns:xsi="http://www.w3.org/2001/XMLSchema-instance" Version="0.0.0.0">
  <Summary numSequencePoints="30" visitedSequencePoints="30" numBranchPoints="0" visitedBranchPoints="0" sequenceCoverage="100.0" branchCoverage="0.0" maxCyclomaticComplexity="0" minCyclomaticComplexity="0" maxCrapScore="0" minCrapScore="0" visitedClasses="3" numClasses="4" visitedMethods="7" numMethods="7" />
  <Modules>
    <Module>
      <Summary numSequencePoints="18" visitedSequencePoints="18" numBranchPoints="0" visitedBranchPoints="0" sequenceCoverage="100.0" branchCoverage="0.0" maxCyclomaticComplexity="0" minCyclomaticComplexity="0" maxCrapScore="0" minCrapScore="0" visitedClasses="2" numClasses="2" visitedMethods="5" numMethods="5" />
      <ModuleTime>0001-01-01T00:00:00</ModuleTime>
      <ModuleName>Scripts</ModuleName>
      <Files>
        <File uid="1" fullPath="C:/Users/kevin/OneDrive/Desktop/UNO/UNO-Flip-3D/UNOFlip/Assets/Scripts/AiPlayer.cs" />
        <File uid="2" fullPath="C:/Users/kevin/OneDrive/Desktop/UNO/UNO-Flip-3D/UNOFlip/Assets/Scripts/Card.cs" />
        <File uid="3" fullPath="C:/Users/kevin/OneDrive/Desktop/UNO/UNO-Flip-3D/UNOFlip/Assets/Scripts/CardDisplay.cs" />
        <File uid="4" fullPath="C:/Users/kevin/OneDrive/Desktop/UNO/UNO-Flip-3D/UNOFlip/Assets/Scripts/CardInteraction.cs" />
        <File uid="5" fullPath="C:/Users/kevin/OneDrive/Desktop/UNO/UNO-Flip-3D/UNOFlip/Assets/Scripts/Deck.cs" />
        <File uid="6" fullPath="C:/Users/kevin/OneDrive/Desktop/UNO/UNO-Flip-3D/UNOFlip/Assets/Scripts/GameManager.cs" />
        <File uid="7" fullPath="C:/Users/kevin/OneDrive/Desktop/UNO/UNO-Flip-3D/UNOFlip/Assets/Scripts/Menu.cs" />
        <File uid="8" fullPath="C:/Users/kevin/OneDrive/Desktop/UNO/UNO-Flip-3D/UNOFlip/Assets/Scripts/Player.cs" />
        <File uid="9" fullPath="C:/Users/kevin/OneDrive/Desktop/UNO/UNO-Flip-3D/UNOFlip/Assets/Scripts/WildButton.cs" />
      </Files>
      <Classes>
        <Class>
          <Summary numSequencePoints="5" visitedSequencePoints="5" numBranchPoints="0" visitedBranchPoints="0" sequenceCoverage="100.0" branchCoverage="0.0" maxCyclomaticComplexity="0" minCyclomaticComplexity="0" maxCrapScore="0" minCrapScore="0" visitedClasses="1" numClasses="1" visitedMethods="1" numMethods="1" />
          <FullName>Card</FullName>
          <Methods>
            <Method visited="true" cyclomaticComplexity="0" nPathComplexity="0" sequenceCoverage="100.0" branchCoverage="0" crapScore="0" isConstructor="true" isStatic="false" isGetter="false" isSetter="false">
              <Summary numSequencePoints="5" visitedSequencePoints="5" numBranchPoints="0" visitedBranchPoints="0" sequenceCoverage="100.0" branchCoverage="0" maxCyclomaticComplexity="0" minCyclomaticComplexity="0" maxCrapScore="0" minCrapScore="0" visitedClasses="0" numClasses="0" visitedMethods="1" numMethods="1" />
              <MetadataToken>100663302</MetadataToken>
              <Name>Card::Card(CardColour, CardValue)</Name>
              <FileRef uid="2" />
              <SequencePoints>
                <SequencePoint vc="2" uspid="125143" ordinal="0" offset="0" sl="40" sc="5" el="40" ec="5" bec="0" bev="0" fileid="2">
                  <TrackedMethodRefs>
                    <TrackedMethodRef uid="0" vc="2" />
                  </TrackedMethodRefs>
                </SequencePoint>
                <SequencePoint vc="2" uspid="125144" ordinal="0" offset="7" sl="41" sc="5" el="41" ec="5" bec="0" bev="0" fileid="2">
                  <TrackedMethodRefs>
                    <TrackedMethodRef uid="0" vc="2" />
                  </TrackedMethodRefs>
                </SequencePoint>
                <SequencePoint vc="2" uspid="125145" ordinal="0" offset="8" sl="42" sc="9" el="42" ec="9" bec="0" bev="0" fileid="2">
                  <TrackedMethodRefs>
                    <TrackedMethodRef uid="0" vc="2" />
                  </TrackedMethodRefs>
                </SequencePoint>
                <SequencePoint vc="2" uspid="125146" ordinal="0" offset="15" sl="43" sc="9" el="43" ec="9" bec="0" bev="0" fileid="2">
                  <TrackedMethodRefs>
                    <TrackedMethodRef uid="0" vc="2" />
                  </TrackedMethodRefs>
                </SequencePoint>
                <SequencePoint vc="2" uspid="125147" ordinal="0" offset="22" sl="44" sc="5" el="44" ec="5" bec="0" bev="0" fileid="2">
                  <TrackedMethodRefs>
                    <TrackedMethodRef uid="0" vc="2" />
                  </TrackedMethodRefs>
                </SequencePoint>
              </SequencePoints>
              <BranchPoints />
            </Method>
          </Methods>
        </Class>
        <Class>
          <Summary numSequencePoints="13" visitedSequencePoints="13" numBranchPoints="0" visitedBranchPoints="0" sequenceCoverage="100.0" branchCoverage="0.0" maxCyclomaticComplexity="0" minCyclomaticComplexity="0" maxCrapScore="0" minCrapScore="0" visitedClasses="1" numClasses="1" visitedMethods="4" numMethods="4" />
          <FullName>Player</FullName>
          <Methods>
            <Method visited="true" cyclomaticComplexity="0" nPathComplexity="0" sequenceCoverage="100.0" branchCoverage="0" crapScore="0" isConstructor="false" isStatic="false" isGetter="false" isSetter="true">
              <Summary numSequencePoints="1" visitedSequencePoints="1" numBranchPoints="0" visitedBranchPoints="0" sequenceCoverage="100.0" branchCoverage="0" maxCyclomaticComplexity="0" minCyclomaticComplexity="0" maxCrapScore="0" minCrapScore="0" visitedClasses="0" numClasses="0" visitedMethods="1" numMethods="1" />
              <MetadataToken>100663366</MetadataToken>
              <Name>System.Void Player::set_IsHuman(System.Boolean)</Name>
              <FileRef uid="8" />
              <SequencePoints>
                <SequencePoint vc="1" uspid="125699" ordinal="0" offset="0" sl="11" sc="32" el="11" ec="32" bec="0" bev="0" fileid="8">
                  <TrackedMethodRefs>
                    <TrackedMethodRef uid="0" vc="1" />
                  </TrackedMethodRefs>
                </SequencePoint>
              </SequencePoints>
              <BranchPoints />
            </Method>
            <Method visited="true" cyclomaticComplexity="0" nPathComplexity="0" sequenceCoverage="100.0" branchCoverage="0" crapScore="0" isConstructor="false" isStatic="false" isGetter="false" isSetter="false">
              <Summary numSequencePoints="3" visitedSequencePoints="3" numBranchPoints="0" visitedBranchPoints="0" sequenceCoverage="100.0" branchCoverage="0" maxCyclomaticComplexity="0" minCyclomaticComplexity="0" maxCrapScore="0" minCrapScore="0" visitedClasses="0" numClasses="0" visitedMethods="1" numMethods="1" />
              <MetadataToken>100663368</MetadataToken>
              <Name>System.Void Player::DrawCard(Card)</Name>
              <FileRef uid="8" />
              <SequencePoints>
                <SequencePoint vc="1" uspid="125700" ordinal="0" offset="0" sl="21" sc="5" el="21" ec="5" bec="0" bev="0" fileid="8">
                  <TrackedMethodRefs>
                    <TrackedMethodRef uid="0" vc="1" />
                  </TrackedMethodRefs>
                </SequencePoint>
                <SequencePoint vc="1" uspid="125701" ordinal="0" offset="1" sl="22" sc="9" el="22" ec="9" bec="0" bev="0" fileid="8">
                  <TrackedMethodRefs>
                    <TrackedMethodRef uid="0" vc="1" />
                  </TrackedMethodRefs>
                </SequencePoint>
                <SequencePoint vc="1" uspid="125702" ordinal="0" offset="14" sl="23" sc="5" el="23" ec="5" bec="0" bev="0" fileid="8">
                  <TrackedMethodRefs>
                    <TrackedMethodRef uid="0" vc="1" />
                  </TrackedMethodRefs>
                </SequencePoint>
              </SequencePoints>
              <BranchPoints />
            </Method>
            <Method visited="true" cyclomaticComplexity="0" nPathComplexity="0" sequenceCoverage="100.0" branchCoverage="0" crapScore="0" isConstructor="false" isStatic="false" isGetter="false" isSetter="false">
              <Summary numSequencePoints="3" visitedSequencePoints="3" numBranchPoints="0" visitedBranchPoints="0" sequenceCoverage="100.0" branchCoverage="0" maxCyclomaticComplexity="0" minCyclomaticComplexity="0" maxCrapScore="0" minCrapScore="0" visitedClasses="0" numClasses="0" visitedMethods="1" numMethods="1" />
              <MetadataToken>100663369</MetadataToken>
              <Name>System.Void Player::PlayCard(Card)</Name>
              <FileRef uid="8" />
              <SequencePoints>
                <SequencePoint vc="1" uspid="125703" ordinal="0" offset="0" sl="26" sc="5" el="26" ec="5" bec="0" bev="0" fileid="8">
                  <TrackedMethodRefs>
                    <TrackedMethodRef uid="0" vc="1" />
                  </TrackedMethodRefs>
                </SequencePoint>
                <SequencePoint vc="1" uspid="125704" ordinal="0" offset="1" sl="27" sc="9" el="27" ec="9" bec="0" bev="0" fileid="8">
                  <TrackedMethodRefs>
                    <TrackedMethodRef uid="0" vc="1" />
                  </TrackedMethodRefs>
                </SequencePoint>
                <SequencePoint vc="1" uspid="125705" ordinal="0" offset="14" sl="28" sc="5" el="28" ec="5" bec="0" bev="0" fileid="8">
                  <TrackedMethodRefs>
                    <TrackedMethodRef uid="0" vc="1" />
                  </TrackedMethodRefs>
                </SequencePoint>
              </SequencePoints>
              <BranchPoints />
            </Method>
            <Method visited="true" cyclomaticComplexity="0" nPathComplexity="0" sequenceCoverage="100.0" branchCoverage="0" crapScore="0" isConstructor="true" isStatic="false" isGetter="false" isSetter="false">
              <Summary numSequencePoints="6" visitedSequencePoints="6" numBranchPoints="0" visitedBranchPoints="0" sequenceCoverage="100.0" branchCoverage="0" maxCyclomaticComplexity="0" minCyclomaticComplexity="0" maxCrapScore="0" minCrapScore="0" visitedClasses="0" numClasses="0" visitedMethods="1" numMethods="1" />
              <MetadataToken>100663367</MetadataToken>
              <Name>Player::Player(System.String, System.Boolean)</Name>
              <FileRef uid="8" />
              <SequencePoints>
                <SequencePoint vc="1" uspid="125708" ordinal="0" offset="0" sl="13" sc="5" el="13" ec="5" bec="0" bev="0" fileid="8">
                  <TrackedMethodRefs>
                    <TrackedMethodRef uid="0" vc="1" />
                  </TrackedMethodRefs>
                </SequencePoint>
                <SequencePoint vc="1" uspid="125709" ordinal="0" offset="7" sl="14" sc="5" el="14" ec="5" bec="0" bev="0" fileid="8">
                  <TrackedMethodRefs>
                    <TrackedMethodRef uid="0" vc="1" />
                  </TrackedMethodRefs>
                </SequencePoint>
                <SequencePoint vc="1" uspid="125710" ordinal="0" offset="8" sl="15" sc="9" el="15" ec="9" bec="0" bev="0" fileid="8">
                  <TrackedMethodRefs>
                    <TrackedMethodRef uid="0" vc="1" />
                  </TrackedMethodRefs>
                </SequencePoint>
                <SequencePoint vc="1" uspid="125711" ordinal="0" offset="15" sl="16" sc="9" el="16" ec="9" bec="0" bev="0" fileid="8">
                  <TrackedMethodRefs>
                    <TrackedMethodRef uid="0" vc="1" />
                  </TrackedMethodRefs>
                </SequencePoint>
                <SequencePoint vc="1" uspid="125712" ordinal="0" offset="26" sl="17" sc="9" el="17" ec="9" bec="0" bev="0" fileid="8">
                  <TrackedMethodRefs>
                    <TrackedMethodRef uid="0" vc="1" />
                  </TrackedMethodRefs>
                </SequencePoint>
                <SequencePoint vc="1" uspid="125713" ordinal="0" offset="34" sl="18" sc="5" el="18" ec="5" bec="0" bev="0" fileid="8">
                  <TrackedMethodRefs>
                    <TrackedMethodRef uid="0" vc="1" />
                  </TrackedMethodRefs>
                </SequencePoint>
              </SequencePoints>
              <BranchPoints />
            </Method>
          </Methods>
        </Class>
      </Classes>
      <TrackedMethods>
        <TrackedMethod uid="0" token="100663387" name="System.Void PlayerTests::Test_Player_PlayInvalidCard()" strategy="Test" />
      </TrackedMethods>
    </Module>
    <Module>
      <Summary numSequencePoints="12" visitedSequencePoints="12" numBranchPoints="0" visitedBranchPoints="0" sequenceCoverage="100.0" branchCoverage="0.0" maxCyclomaticComplexity="0" minCyclomaticComplexity="0" maxCrapScore="0" minCrapScore="0" visitedClasses="1" numClasses="2" visitedMethods="2" numMethods="2" />
      <ModuleTime>0001-01-01T00:00:00</ModuleTime>
      <ModuleName>Tests</ModuleName>
      <Files>
        <File uid="10" fullPath="C:/Users/kevin/OneDrive/Desktop/UNO/UNO-Flip-3D/UNOFlip/Assets/Tests/AiPlayerTests.cs" />
        <File uid="11" fullPath="C:/Users/kevin/OneDrive/Desktop/UNO/UNO-Flip-3D/UNOFlip/Assets/Tests/CardDisplayTests.cs" />
        <File uid="12" fullPath="C:/Users/kevin/OneDrive/Desktop/UNO/UNO-Flip-3D/UNOFlip/Assets/Tests/CardInteractionTests.cs" />
        <File uid="13" fullPath="C:/Users/kevin/OneDrive/Desktop/UNO/UNO-Flip-3D/UNOFlip/Assets/Tests/CardTests.cs" />
        <File uid="14" fullPath="C:/Users/kevin/OneDrive/Desktop/UNO/UNO-Flip-3D/UNOFlip/Assets/Tests/DeckTests.cs" />
        <File uid="15" fullPath="C:/Users/kevin/OneDrive/Desktop/UNO/UNO-Flip-3D/UNOFlip/Assets/Tests/GameManagerTests.cs" />
        <File uid="16" fullPath="C:/Users/kevin/OneDrive/Desktop/UNO/UNO-Flip-3D/UNOFlip/Assets/Tests/MenuTests.cs" />
        <File uid="17" fullPath="C:/Users/kevin/OneDrive/Desktop/UNO/UNO-Flip-3D/UNOFlip/Assets/Tests/PlayerTests.cs" />
      </Files>
      <Classes>
        <Class>
          <Summary numSequencePoints="0" visitedSequencePoints="0" numBranchPoints="0" visitedBranchPoints="0" sequenceCoverage="0" branchCoverage="0" maxCyclomaticComplexity="0" minCyclomaticComplexity="0" maxCrapScore="0" minCrapScore="0" visitedClasses="0" numClasses="1" visitedMethods="0" numMethods="0" />
          <FullName>GameManagerTests</FullName>
          <Methods />
        </Class>
        <Class>
          <Summary numSequencePoints="12" visitedSequencePoints="12" numBranchPoints="0" visitedBranchPoints="0" sequenceCoverage="100.0" branchCoverage="0.0" maxCyclomaticComplexity="0" minCyclomaticComplexity="0" maxCrapScore="0" minCrapScore="0" visitedClasses="1" numClasses="1" visitedMethods="2" numMethods="2" />
          <FullName>PlayerTests</FullName>
          <Methods>
            <Method visited="true" cyclomaticComplexity="0" nPathComplexity="0" sequenceCoverage="100.0" branchCoverage="0" crapScore="0" isConstructor="false" isStatic="false" isGetter="false" isSetter="false">
              <Summary numSequencePoints="3" visitedSequencePoints="3" numBranchPoints="0" visitedBranchPoints="0" sequenceCoverage="100.0" branchCoverage="0" maxCyclomaticComplexity="0" minCyclomaticComplexity="0" maxCrapScore="0" minCrapScore="0" visitedClasses="0" numClasses="0" visitedMethods="1" numMethods="1" />
              <MetadataToken>100663383</MetadataToken>
              <Name>System.Void PlayerTests::SetUp()</Name>
              <FileRef uid="17" />
              <SequencePoints>
                <SequencePoint vc="1" uspid="126963" ordinal="0" offset="0" sl="11" sc="5" el="11" ec="5" bec="0" bev="0" fileid="17">
                  <TrackedMethodRefs>
                    <TrackedMethodRef uid="1" vc="1" />
                  </TrackedMethodRefs>
                </SequencePoint>
                <SequencePoint vc="1" uspid="126964" ordinal="0" offset="1" sl="12" sc="9" el="12" ec="9" bec="0" bev="0" fileid="17">
                  <TrackedMethodRefs>
                    <TrackedMethodRef uid="1" vc="1" />
                  </TrackedMethodRefs>
                </SequencePoint>
                <SequencePoint vc="1" uspid="126965" ordinal="0" offset="18" sl="13" sc="5" el="13" ec="5" bec="0" bev="0" fileid="17">
                  <TrackedMethodRefs>
                    <TrackedMethodRef uid="1" vc="1" />
                  </TrackedMethodRefs>
                </SequencePoint>
              </SequencePoints>
              <BranchPoints />
            </Method>
            <Method visited="true" cyclomaticComplexity="0" nPathComplexity="0" sequenceCoverage="100.0" branchCoverage="0" crapScore="0" isConstructor="false" isStatic="false" isGetter="false" isSetter="false">
              <Summary numSequencePoints="9" visitedSequencePoints="9" numBranchPoints="0" visitedBranchPoints="0" sequenceCoverage="100.0" branchCoverage="0" maxCyclomaticComplexity="0" minCyclomaticComplexity="0" maxCrapScore="0" minCrapScore="0" visitedClasses="0" numClasses="0" visitedMethods="1" numMethods="1" />
              <MetadataToken>100663387</MetadataToken>
              <Name>System.Void PlayerTests::Test_Player_PlayInvalidCard()</Name>
              <FileRef uid="17" />
              <SequencePoints>
                <SequencePoint vc="1" uspid="126987" ordinal="0" offset="0" sl="49" sc="5" el="49" ec="5" bec="0" bev="0" fileid="17">
                  <TrackedMethodRefs>
                    <TrackedMethodRef uid="1" vc="1" />
                  </TrackedMethodRefs>
                </SequencePoint>
                <SequencePoint vc="1" uspid="126988" ordinal="0" offset="1" sl="50" sc="9" el="50" ec="9" bec="0" bev="0" fileid="17">
                  <TrackedMethodRefs>
                    <TrackedMethodRef uid="1" vc="1" />
                  </TrackedMethodRefs>
                </SequencePoint>
                <SequencePoint vc="1" uspid="126989" ordinal="0" offset="9" sl="51" sc="9" el="51" ec="9" bec="0" bev="0" fileid="17">
                  <TrackedMethodRefs>
                    <TrackedMethodRef uid="1" vc="1" />
                  </TrackedMethodRefs>
                </SequencePoint>
                <SequencePoint vc="1" uspid="126990" ordinal="0" offset="17" sl="53" sc="9" el="53" ec="9" bec="0" bev="0" fileid="17">
                  <TrackedMethodRefs>
                    <TrackedMethodRef uid="1" vc="1" />
                  </TrackedMethodRefs>
                </SequencePoint>
                <SequencePoint vc="1" uspid="126991" ordinal="0" offset="30" sl="54" sc="9" el="54" ec="9" bec="0" bev="0" fileid="17">
                  <TrackedMethodRefs>
                    <TrackedMethodRef uid="1" vc="1" />
                  </TrackedMethodRefs>
                </SequencePoint>
                <SequencePoint vc="1" uspid="126992" ordinal="0" offset="63" sl="57" sc="9" el="57" ec="9" bec="0" bev="0" fileid="17">
                  <TrackedMethodRefs>
                    <TrackedMethodRef uid="1" vc="1" />
                  </TrackedMethodRefs>
                </SequencePoint>
                <SequencePoint vc="1" uspid="126993" ordinal="0" offset="76" sl="58" sc="9" el="58" ec="9" bec="0" bev="0" fileid="17">
                  <TrackedMethodRefs>
                    <TrackedMethodRef uid="1" vc="1" />
                  </TrackedMethodRefs>
                </SequencePoint>
                <SequencePoint vc="1" uspid="126994" ordinal="0" offset="109" sl="59" sc="9" el="59" ec="9" bec="0" bev="0" fileid="17">
                  <TrackedMethodRefs>
                    <TrackedMethodRef uid="1" vc="1" />
                  </TrackedMethodRefs>
                </SequencePoint>
                <SequencePoint vc="1" uspid="126995" ordinal="0" offset="127" sl="60" sc="5" el="60" ec="5" bec="0" bev="0" fileid="17">
                  <TrackedMethodRefs>
                    <TrackedMethodRef uid="1" vc="1" />
                  </TrackedMethodRefs>
                </SequencePoint>
              </SequencePoints>
              <BranchPoints />
            </Method>
          </Methods>
        </Class>
      </Classes>
      <TrackedMethods>
        <TrackedMethod uid="1" token="100663387" name="System.Void PlayerTests::Test_Player_PlayInvalidCard()" strategy="Test" />
      </TrackedMethods>
    </Module>
  </Modules>
</CoverageSession>